#
# There is insufficient memory for the Java Runtime Environment to continue.
# Native memory allocation (malloc) failed to allocate 208656 bytes for Chunk::new
# Possible reasons:
#   The system is out of physical RAM or swap space
#   The process is running with CompressedOops enabled, and the Java Heap may be blocking the growth of the native heap
# Possible solutions:
#   Reduce memory load on the system
#   Increase physical memory or swap space
#   Check if swap backing store is full
#   Decrease Java heap size (-Xmx/-Xms)
#   Decrease number of Java threads
#   Decrease Java thread stack sizes (-Xss)
#   Set larger code cache with -XX:ReservedCodeCacheSize=
#   JVM is running with Unscaled Compressed Oops mode in which the Java heap is
#     placed in the first 4GB address space. The Java Heap base address is the
#     maximum limit for the native heap growth. Please use -XX:HeapBaseMinAddress
#     to set the Java Heap base and to place the Java Heap above 4GB virtual address.
# This output file may be truncated or incomplete.
#
#  Out of Memory Error (arena.cpp:189), pid=1232, tid=8960
#
# JRE version: OpenJDK Runtime Environment Temurin-17.0.8.1+1 (17.0.8.1+1) (build 17.0.8.1+1)
# Java VM: OpenJDK 64-Bit Server VM Temurin-17.0.8.1+1 (17.0.8.1+1, mixed mode, tiered, compressed oops, compressed class ptrs, g1 gc, windows-amd64)
# No core dump will be written. Minidumps are not enabled by default on client versions of Windows
#

---------------  S U M M A R Y ------------

Command Line: -ea -Dfile.encoding=UTF-8 -Dstdout.encoding=UTF-8 -Dstderr.encoding=UTF-8 -XX:+ShowCodeDetailsInExceptionMessages org.eclipse.jdt.internal.junit.runner.RemoteTestRunner -version 3 -port 64854 -testLoaderClass org.eclipse.jdt.internal.junit4.runner.JUnit4TestLoader -loaderpluginname org.eclipse.jdt.junit4.runtime -classNames WhiteBox.Controllers.CategoriesControllerTest

Host: Intel(R) Core(TM) i5-10300H CPU @ 2.50GHz, 8 cores, 3G,  Windows 11 , 64 bit Build 22621 (10.0.22621.2506)
Time: Sun Nov 26 23:17:34 2023 GMT elapsed time: 1.448985 seconds (0d 0h 0m 1s)

---------------  T H R E A D  ---------------

Current thread (0x0000012a52362d30):  JavaThread "C2 CompilerThread0" daemon [_thread_in_native, id=8960, stack(0x0000002147600000,0x0000002147700000)]


Current CompileTask:
C2:   1449 1404 % !   4       java.util.concurrent.ConcurrentHashMap::transfer @ 96 (849 bytes)

Stack: [0x0000002147600000,0x0000002147700000]
Native frames: (J=compiled Java code, j=interpreted, Vv=VM code, C=native code)
V  [jvm.dll+0x678b0a]
V  [jvm.dll+0x835e84]
V  [jvm.dll+0x83762e]
V  [jvm.dll+0x837c93]
V  [jvm.dll+0x24746f]
V  [jvm.dll+0xac20c]
V  [jvm.dll+0xac7dc]
V  [jvm.dll+0x2ae7af]
V  [jvm.dll+0x581427]
V  [jvm.dll+0x222602]
V  [jvm.dll+0x21b2bf]
V  [jvm.dll+0x218f0b]
V  [jvm.dll+0x1a534d]
V  [jvm.dll+0x228d8a]
V  [jvm.dll+0x226dcc]
V  [jvm.dll+0x7ec09b]
V  [jvm.dll+0x7e64ca]
V  [jvm.dll+0x677955]
C  [ucrtbase.dll+0x29363]
C  [KERNEL32.DLL+0x1257d]
C  [ntdll.dll+0x5aa58]


---------------  P R O C E S S  ---------------

Threads class SMR info:
_java_thread_list=0x0000012a52d928c0, length=21, elements={
0x0000012a3a966aa0, 0x0000012a521b31d0, 0x0000012a521b4360, 0x0000012a52358070,
0x0000012a52358b40, 0x0000012a5235c360, 0x0000012a5235cc30, 0x0000012a52362d30,
0x0000012a521f22a0, 0x0000012a521f3740, 0x0000012a524a9210, 0x0000012a524a6990,
0x0000012a524a9720, 0x0000012a524a82e0, 0x0000012a524a9c30, 0x0000012a524a6480,
0x0000012a524a7dd0, 0x0000012a524a73b0, 0x0000012a524a6ea0, 0x0000012a524a8d00,
0x0000012a524a78c0
}

Java Threads: ( => current thread )
  0x0000012a3a966aa0 JavaThread "main" [_thread_blocked, id=16580, stack(0x0000002146900000,0x0000002146a00000)]
  0x0000012a521b31d0 JavaThread "Reference Handler" daemon [_thread_blocked, id=16048, stack(0x0000002147000000,0x0000002147100000)]
  0x0000012a521b4360 JavaThread "Finalizer" daemon [_thread_blocked, id=12960, stack(0x0000002147100000,0x0000002147200000)]
  0x0000012a52358070 JavaThread "Signal Dispatcher" daemon [_thread_blocked, id=18716, stack(0x0000002147200000,0x0000002147300000)]
  0x0000012a52358b40 JavaThread "Attach Listener" daemon [_thread_blocked, id=21296, stack(0x0000002147300000,0x0000002147400000)]
  0x0000012a5235c360 JavaThread "Service Thread" daemon [_thread_blocked, id=18288, stack(0x0000002147400000,0x0000002147500000)]
  0x0000012a5235cc30 JavaThread "Monitor Deflation Thread" daemon [_thread_blocked, id=11208, stack(0x0000002147500000,0x0000002147600000)]
=>0x0000012a52362d30 JavaThread "C2 CompilerThread0" daemon [_thread_in_native, id=8960, stack(0x0000002147600000,0x0000002147700000)]
  0x0000012a521f22a0 JavaThread "C1 CompilerThread0" daemon [_thread_blocked, id=11796, stack(0x0000002147700000,0x0000002147800000)]
  0x0000012a521f3740 JavaThread "Sweeper thread" daemon [_thread_blocked, id=19324, stack(0x0000002147800000,0x0000002147900000)]
  0x0000012a524a9210 JavaThread "Notification Thread" daemon [_thread_blocked, id=19404, stack(0x0000002147900000,0x0000002147a00000)]
  0x0000012a524a6990 JavaThread "Common-Cleaner" daemon [_thread_blocked, id=11344, stack(0x0000002147b00000,0x0000002147c00000)]
  0x0000012a524a9720 JavaThread "ReaderThread" [_thread_in_native, id=6932, stack(0x0000002147c00000,0x0000002147d00000)]
  0x0000012a524a82e0 JavaThread "Thread-0" daemon [_thread_in_native, id=14736, stack(0x0000002147d00000,0x0000002147e00000)]
  0x0000012a524a9c30 JavaThread "cluster-ClusterId{value='6563d20ed2b9f555b529f0ea', description='null'}-srv-cluster0.rz7navz.mongodb.net" daemon [_thread_blocked, id=11864, stack(0x0000002147e00000,0x0000002147f00000)]
  0x0000012a524a6480 JavaThread "cluster-ClusterId{value='6563d20ed2b9f555b529f0ea', description='null'}-ac-bafk6s9-shard-00-01.rz7navz.mongodb.net:27017" daemon [_thread_in_native, id=3652, stack(0x0000002147f00000,0x0000002148000000)]
  0x0000012a524a7dd0 JavaThread "cluster-rtt-ClusterId{value='6563d20ed2b9f555b529f0ea', description='null'}-ac-bafk6s9-shard-00-01.rz7navz.mongodb.net:27017" daemon [_thread_in_native, id=9352, stack(0x0000002148000000,0x0000002148100000)]
  0x0000012a524a73b0 JavaThread "cluster-ClusterId{value='6563d20ed2b9f555b529f0ea', description='null'}-ac-bafk6s9-shard-00-00.rz7navz.mongodb.net:27017" daemon [_thread_in_native, id=3428, stack(0x0000002148100000,0x0000002148200000)]
  0x0000012a524a6ea0 JavaThread "cluster-rtt-ClusterId{value='6563d20ed2b9f555b529f0ea', description='null'}-ac-bafk6s9-shard-00-00.rz7navz.mongodb.net:27017" daemon [_thread_in_native, id=20908, stack(0x0000002148200000,0x0000002148300000)]
  0x0000012a524a8d00 JavaThread "cluster-ClusterId{value='6563d20ed2b9f555b529f0ea', description='null'}-ac-bafk6s9-shard-00-02.rz7navz.mongodb.net:27017" daemon [_thread_in_native, id=23208, stack(0x0000002148300000,0x0000002148400000)]
  0x0000012a524a78c0 JavaThread "cluster-rtt-ClusterId{value='6563d20ed2b9f555b529f0ea', description='null'}-ac-bafk6s9-shard-00-02.rz7navz.mongodb.net:27017" daemon [_thread_in_native, id=12612, stack(0x0000002148400000,0x0000002148500000)]

Other Threads:
  0x0000012a5215a600 VMThread "VM Thread" [stack: 0x0000002146f00000,0x0000002147000000] [id=3792]
  0x0000012a524a37d0 WatcherThread [stack: 0x0000002147a00000,0x0000002147b00000] [id=23020]
  0x0000012a3a9a6990 GCTaskThread "GC Thread#0" [stack: 0x0000002146a00000,0x0000002146b00000] [id=14256]
  0x0000012a52df7600 GCTaskThread "GC Thread#1" [stack: 0x0000002148500000,0x0000002148600000] [id=3368]
  0x0000012a52df8100 GCTaskThread "GC Thread#2" [stack: 0x0000002148600000,0x0000002148700000] [id=10336]
  0x0000012a52df83c0 GCTaskThread "GC Thread#3" [stack: 0x0000002148700000,0x0000002148800000] [id=22544]
  0x0000012a52df7080 GCTaskThread "GC Thread#4" [stack: 0x0000002148800000,0x0000002148900000] [id=20168]
  0x0000012a52df7340 GCTaskThread "GC Thread#5" [stack: 0x0000002148900000,0x0000002148a00000] [id=15276]
  0x0000012a52df8680 GCTaskThread "GC Thread#6" [stack: 0x0000002148a00000,0x0000002148b00000] [id=16212]
  0x0000012a52df7b80 GCTaskThread "GC Thread#7" [stack: 0x0000002148b00000,0x0000002148c00000] [id=4524]
  0x0000012a3a9af950 ConcurrentGCThread "G1 Main Marker" [stack: 0x0000002146b00000,0x0000002146c00000] [id=16324]
  0x0000012a3a9b0270 ConcurrentGCThread "G1 Conc#0" [stack: 0x0000002146c00000,0x0000002146d00000] [id=20784]
  0x0000012a3aa001c0 ConcurrentGCThread "G1 Refine#0" [stack: 0x0000002146d00000,0x0000002146e00000] [id=12520]
  0x0000012a3aa00b00 ConcurrentGCThread "G1 Service" [stack: 0x0000002146e00000,0x0000002146f00000] [id=18272]

Threads with active compile tasks:
C2 CompilerThread0     1484 1404 % !   4       java.util.concurrent.ConcurrentHashMap::transfer @ 96 (849 bytes)

VM state: not at safepoint (normal execution)

VM Mutex/Monitor currently owned by a thread: None

Heap address: 0x00000000c3200000, size: 974 MB, Compressed Oops mode: 32-bit

CDS archive(s) not mapped
Compressed class space mapped at: 0x0000000100000000-0x0000000140000000, reserved size: 1073741824
Narrow klass base: 0x0000000000000000, Narrow klass shift: 3, Narrow klass range: 0x140000000

GC Precious Log:
 CPUs: 8 total, 8 available
 Memory: 3889M
 Large Page Support: Disabled
 NUMA Support: Disabled
 Compressed Oops: Enabled (32-bit)
 Heap Region Size: 1M
 Heap Min Capacity: 8M
 Heap Initial Capacity: 62M
 Heap Max Capacity: 974M
 Pre-touch: Disabled
 Parallel Workers: 8
 Concurrent Workers: 2
 Concurrent Refinement Workers: 8
 Periodic GC: Disabled

Heap:
 garbage-first heap   total 63488K, used 8612K [0x00000000c3200000, 0x0000000100000000)
  region size 1024K, 9 young (9216K), 3 survivors (3072K)
 Metaspace       used 18768K, committed 19072K, reserved 1114112K
  class space    used 1899K, committed 2048K, reserved 1048576K

Heap Regions: E=young(eden), S=young(survivor), O=old, HS=humongous(starts), HC=humongous(continues), CS=collection set, F=free, OA=open archive, CA=closed archive, TAMS=top-at-mark-start (previous, next)
|   0|0x00000000c3200000, 0x00000000c3300000, 0x00000000c3300000|100%| O|  |TAMS 0x00000000c3200000, 0x00000000c3200000| Untracked 
|   1|0x00000000c3300000, 0x00000000c3369200, 0x00000000c3400000| 41%| O|  |TAMS 0x00000000c3300000, 0x00000000c3300000| Untracked 
|   2|0x00000000c3400000, 0x00000000c3400000, 0x00000000c3500000|  0%| F|  |TAMS 0x00000000c3400000, 0x00000000c3400000| Untracked 
|   3|0x00000000c3500000, 0x00000000c3500000, 0x00000000c3600000|  0%| F|  |TAMS 0x00000000c3500000, 0x00000000c3500000| Untracked 
|   4|0x00000000c3600000, 0x00000000c3600000, 0x00000000c3700000|  0%| F|  |TAMS 0x00000000c3600000, 0x00000000c3600000| Untracked 
|   5|0x00000000c3700000, 0x00000000c3700000, 0x00000000c3800000|  0%| F|  |TAMS 0x00000000c3700000, 0x00000000c3700000| Untracked 
|   6|0x00000000c3800000, 0x00000000c3800000, 0x00000000c3900000|  0%| F|  |TAMS 0x00000000c3800000, 0x00000000c3800000| Untracked 
|   7|0x00000000c3900000, 0x00000000c3900000, 0x00000000c3a00000|  0%| F|  |TAMS 0x00000000c3900000, 0x00000000c3900000| Untracked 
|   8|0x00000000c3a00000, 0x00000000c3a00000, 0x00000000c3b00000|  0%| F|  |TAMS 0x00000000c3a00000, 0x00000000c3a00000| Untracked 
|   9|0x00000000c3b00000, 0x00000000c3b00000, 0x00000000c3c00000|  0%| F|  |TAMS 0x00000000c3b00000, 0x00000000c3b00000| Untracked 
|  10|0x00000000c3c00000, 0x00000000c3c00000, 0x00000000c3d00000|  0%| F|  |TAMS 0x00000000c3c00000, 0x00000000c3c00000| Untracked 
|  11|0x00000000c3d00000, 0x00000000c3d00000, 0x00000000c3e00000|  0%| F|  |TAMS 0x00000000c3d00000, 0x00000000c3d00000| Untracked 
|  12|0x00000000c3e00000, 0x00000000c3e00000, 0x00000000c3f00000|  0%| F|  |TAMS 0x00000000c3e00000, 0x00000000c3e00000| Untracked 
|  13|0x00000000c3f00000, 0x00000000c3f00000, 0x00000000c4000000|  0%| F|  |TAMS 0x00000000c3f00000, 0x00000000c3f00000| Untracked 
|  14|0x00000000c4000000, 0x00000000c4000000, 0x00000000c4100000|  0%| F|  |TAMS 0x00000000c4000000, 0x00000000c4000000| Untracked 
|  15|0x00000000c4100000, 0x00000000c4100000, 0x00000000c4200000|  0%| F|  |TAMS 0x00000000c4100000, 0x00000000c4100000| Untracked 
|  16|0x00000000c4200000, 0x00000000c4200000, 0x00000000c4300000|  0%| F|  |TAMS 0x00000000c4200000, 0x00000000c4200000| Untracked 
|  17|0x00000000c4300000, 0x00000000c4300000, 0x00000000c4400000|  0%| F|  |TAMS 0x00000000c4300000, 0x00000000c4300000| Untracked 
|  18|0x00000000c4400000, 0x00000000c4400000, 0x00000000c4500000|  0%| F|  |TAMS 0x00000000c4400000, 0x00000000c4400000| Untracked 
|  19|0x00000000c4500000, 0x00000000c4500000, 0x00000000c4600000|  0%| F|  |TAMS 0x00000000c4500000, 0x00000000c4500000| Untracked 
|  20|0x00000000c4600000, 0x00000000c4600000, 0x00000000c4700000|  0%| F|  |TAMS 0x00000000c4600000, 0x00000000c4600000| Untracked 
|  21|0x00000000c4700000, 0x00000000c4700000, 0x00000000c4800000|  0%| F|  |TAMS 0x00000000c4700000, 0x00000000c4700000| Untracked 
|  22|0x00000000c4800000, 0x00000000c4800000, 0x00000000c4900000|  0%| F|  |TAMS 0x00000000c4800000, 0x00000000c4800000| Untracked 
|  23|0x00000000c4900000, 0x00000000c4900000, 0x00000000c4a00000|  0%| F|  |TAMS 0x00000000c4900000, 0x00000000c4900000| Untracked 
|  24|0x00000000c4a00000, 0x00000000c4a00000, 0x00000000c4b00000|  0%| F|  |TAMS 0x00000000c4a00000, 0x00000000c4a00000| Untracked 
|  25|0x00000000c4b00000, 0x00000000c4b00000, 0x00000000c4c00000|  0%| F|  |TAMS 0x00000000c4b00000, 0x00000000c4b00000| Untracked 
|  26|0x00000000c4c00000, 0x00000000c4c00000, 0x00000000c4d00000|  0%| F|  |TAMS 0x00000000c4c00000, 0x00000000c4c00000| Untracked 
|  27|0x00000000c4d00000, 0x00000000c4d00000, 0x00000000c4e00000|  0%| F|  |TAMS 0x00000000c4d00000, 0x00000000c4d00000| Untracked 
|  28|0x00000000c4e00000, 0x00000000c4e00000, 0x00000000c4f00000|  0%| F|  |TAMS 0x00000000c4e00000, 0x00000000c4e00000| Untracked 
|  29|0x00000000c4f00000, 0x00000000c4f00000, 0x00000000c5000000|  0%| F|  |TAMS 0x00000000c4f00000, 0x00000000c4f00000| Untracked 
|  30|0x00000000c5000000, 0x00000000c5000000, 0x00000000c5100000|  0%| F|  |TAMS 0x00000000c5000000, 0x00000000c5000000| Untracked 
|  31|0x00000000c5100000, 0x00000000c5100000, 0x00000000c5200000|  0%| F|  |TAMS 0x00000000c5100000, 0x00000000c5100000| Untracked 
|  32|0x00000000c5200000, 0x00000000c5200000, 0x00000000c5300000|  0%| F|  |TAMS 0x00000000c5200000, 0x00000000c5200000| Untracked 
|  33|0x00000000c5300000, 0x00000000c5300000, 0x00000000c5400000|  0%| F|  |TAMS 0x00000000c5300000, 0x00000000c5300000| Untracked 
|  34|0x00000000c5400000, 0x00000000c5400000, 0x00000000c5500000|  0%| F|  |TAMS 0x00000000c5400000, 0x00000000c5400000| Untracked 
|  35|0x00000000c5500000, 0x00000000c5500000, 0x00000000c5600000|  0%| F|  |TAMS 0x00000000c5500000, 0x00000000c5500000| Untracked 
|  36|0x00000000c5600000, 0x00000000c5700000, 0x00000000c5700000|100%| S|CS|TAMS 0x00000000c5600000, 0x00000000c5600000| Complete 
|  37|0x00000000c5700000, 0x00000000c5800000, 0x00000000c5800000|100%| S|CS|TAMS 0x00000000c5700000, 0x00000000c5700000| Complete 
|  38|0x00000000c5800000, 0x00000000c5900000, 0x00000000c5900000|100%| S|CS|TAMS 0x00000000c5800000, 0x00000000c5800000| Complete 
|  39|0x00000000c5900000, 0x00000000c5900000, 0x00000000c5a00000|  0%| F|  |TAMS 0x00000000c5900000, 0x00000000c5900000| Untracked 
|  40|0x00000000c5a00000, 0x00000000c5a00000, 0x00000000c5b00000|  0%| F|  |TAMS 0x00000000c5a00000, 0x00000000c5a00000| Untracked 
|  41|0x00000000c5b00000, 0x00000000c5b00000, 0x00000000c5c00000|  0%| F|  |TAMS 0x00000000c5b00000, 0x00000000c5b00000| Untracked 
|  42|0x00000000c5c00000, 0x00000000c5c00000, 0x00000000c5d00000|  0%| F|  |TAMS 0x00000000c5c00000, 0x00000000c5c00000| Untracked 
|  43|0x00000000c5d00000, 0x00000000c5d00000, 0x00000000c5e00000|  0%| F|  |TAMS 0x00000000c5d00000, 0x00000000c5d00000| Untracked 
|  44|0x00000000c5e00000, 0x00000000c5e00000, 0x00000000c5f00000|  0%| F|  |TAMS 0x00000000c5e00000, 0x00000000c5e00000| Untracked 
|  45|0x00000000c5f00000, 0x00000000c5f00000, 0x00000000c6000000|  0%| F|  |TAMS 0x00000000c5f00000, 0x00000000c5f00000| Untracked 
|  46|0x00000000c6000000, 0x00000000c6000000, 0x00000000c6100000|  0%| F|  |TAMS 0x00000000c6000000, 0x00000000c6000000| Untracked 
|  47|0x00000000c6100000, 0x00000000c6100000, 0x00000000c6200000|  0%| F|  |TAMS 0x00000000c6100000, 0x00000000c6100000| Untracked 
|  48|0x00000000c6200000, 0x00000000c6200000, 0x00000000c6300000|  0%| F|  |TAMS 0x00000000c6200000, 0x00000000c6200000| Untracked 
|  49|0x00000000c6300000, 0x00000000c6300000, 0x00000000c6400000|  0%| F|  |TAMS 0x00000000c6300000, 0x00000000c6300000| Untracked 
|  50|0x00000000c6400000, 0x00000000c6400000, 0x00000000c6500000|  0%| F|  |TAMS 0x00000000c6400000, 0x00000000c6400000| Untracked 
|  51|0x00000000c6500000, 0x00000000c6500000, 0x00000000c6600000|  0%| F|  |TAMS 0x00000000c6500000, 0x00000000c6500000| Untracked 
|  52|0x00000000c6600000, 0x00000000c6600000, 0x00000000c6700000|  0%| F|  |TAMS 0x00000000c6600000, 0x00000000c6600000| Untracked 
|  53|0x00000000c6700000, 0x00000000c6700000, 0x00000000c6800000|  0%| F|  |TAMS 0x00000000c6700000, 0x00000000c6700000| Untracked 
|  54|0x00000000c6800000, 0x00000000c6800000, 0x00000000c6900000|  0%| F|  |TAMS 0x00000000c6800000, 0x00000000c6800000| Untracked 
|  55|0x00000000c6900000, 0x00000000c6900000, 0x00000000c6a00000|  0%| F|  |TAMS 0x00000000c6900000, 0x00000000c6900000| Untracked 
|  56|0x00000000c6a00000, 0x00000000c6aa7638, 0x00000000c6b00000| 65%| E|  |TAMS 0x00000000c6a00000, 0x00000000c6a00000| Complete 
|  57|0x00000000c6b00000, 0x00000000c6bfc2f8, 0x00000000c6c00000| 98%| E|  |TAMS 0x00000000c6b00000, 0x00000000c6b00000| Complete 
|  58|0x00000000c6c00000, 0x00000000c6d00000, 0x00000000c6d00000|100%| E|CS|TAMS 0x00000000c6c00000, 0x00000000c6c00000| Complete 
|  59|0x00000000c6d00000, 0x00000000c6e00000, 0x00000000c6e00000|100%| E|CS|TAMS 0x00000000c6d00000, 0x00000000c6d00000| Complete 
|  60|0x00000000c6e00000, 0x00000000c6f00000, 0x00000000c6f00000|100%| E|CS|TAMS 0x00000000c6e00000, 0x00000000c6e00000| Complete 
|  61|0x00000000c6f00000, 0x00000000c7000000, 0x00000000c7000000|100%| E|CS|TAMS 0x00000000c6f00000, 0x00000000c6f00000| Complete 

Card table byte_map: [0x0000012a4d540000,0x0000012a4d730000] _byte_map_base: 0x0000012a4cf27000

Marking Bits (Prev, Next): (CMBitMap*) 0x0000012a3a9a6ec0, (CMBitMap*) 0x0000012a3a9a6f00
 Prev Bits: [0x0000012a4d920000, 0x0000012a4e858000)
 Next Bits: [0x0000012a4e860000, 0x0000012a4f798000)

Polling page: 0x0000012a3a120000

Metaspace:

Usage:
  Non-class:     16.47 MB used.
      Class:      1.85 MB used.
       Both:     18.33 MB used.

Virtual space:
  Non-class space:       64.00 MB reserved,      16.62 MB ( 26%) committed,  1 nodes.
      Class space:        1.00 GB reserved,       2.00 MB ( <1%) committed,  1 nodes.
             Both:        1.06 GB reserved,      18.62 MB (  2%) committed. 

Chunk freelists:
   Non-Class:  14.86 MB
       Class:  14.06 MB
        Both:  28.92 MB

MaxMetaspaceSize: unlimited
CompressedClassSpaceSize: 1.00 GB
Initial GC threshold: 21.00 MB
Current GC threshold: 21.00 MB
CDS: off
MetaspaceReclaimPolicy: balanced
 - commit_granule_bytes: 65536.
 - commit_granule_words: 8192.
 - virtual_space_node_default_size: 8388608.
 - enlarge_chunks_in_place: 1.
 - new_chunks_are_fully_committed: 0.
 - uncommit_free_chunks: 1.
 - use_allocation_guard: 0.
 - handle_deallocations: 1.


Internal statistics:

num_allocs_failed_limit: 0.
num_arena_births: 122.
num_arena_deaths: 0.
num_vsnodes_births: 2.
num_vsnodes_deaths: 0.
num_space_committed: 298.
num_space_uncommitted: 0.
num_chunks_returned_to_freelist: 0.
num_chunks_taken_from_freelist: 315.
num_chunk_merges: 0.
num_chunk_splits: 187.
num_chunks_enlarged: 119.
num_inconsistent_stats: 0.

CodeHeap 'non-profiled nmethods': size=120000Kb used=445Kb max_used=445Kb free=119554Kb
 bounds [0x0000012a45af0000, 0x0000012a45d60000, 0x0000012a4d020000]
CodeHeap 'profiled nmethods': size=120000Kb used=2647Kb max_used=2647Kb free=117352Kb
 bounds [0x0000012a3e020000, 0x0000012a3e2c0000, 0x0000012a45550000]
CodeHeap 'non-nmethods': size=5760Kb used=1197Kb max_used=1208Kb free=4563Kb
 bounds [0x0000012a45550000, 0x0000012a457c0000, 0x0000012a45af0000]
 total_blobs=1935 nmethods=1438 adapters=410
 compilation: enabled
              stopped_count=0, restarted_count=0
 full_count=0

Compilation events (20 events):
Event: 1.421 Thread 0x0000012a52362d30 nmethod 1395 0x0000012a45b5df10 code [0x0000012a45b5e080, 0x0000012a45b5e138]
Event: 1.421 Thread 0x0000012a521f22a0 nmethod 1398 0x0000012a3e2a0690 code [0x0000012a3e2a0840, 0x0000012a3e2a09f8]
Event: 1.421 Thread 0x0000012a521f22a0 1399       1       java.nio.Buffer::capacity (5 bytes)
Event: 1.422 Thread 0x0000012a521f22a0 nmethod 1399 0x0000012a45b5e210 code [0x0000012a45b5e3a0, 0x0000012a45b5e478]
Event: 1.422 Thread 0x0000012a521f22a0 1400       3       java.nio.ByteBuffer::<init> (47 bytes)
Event: 1.422 Thread 0x0000012a521f22a0 nmethod 1400 0x0000012a3e2a0b10 code [0x0000012a3e2a0cc0, 0x0000012a3e2a0ee8]
Event: 1.424 Thread 0x0000012a521f22a0 1401       1       jdk.internal.reflect.DelegatingConstructorAccessorImpl::setDelegate (6 bytes)
Event: 1.424 Thread 0x0000012a521f22a0 nmethod 1401 0x0000012a45b5e510 code [0x0000012a45b5e6a0, 0x0000012a45b5e7b8]
Event: 1.426 Thread 0x0000012a52362d30 1402       4       java.nio.Buffer::scope (17 bytes)
Event: 1.427 Thread 0x0000012a52362d30 nmethod 1402 0x0000012a45b5e810 code [0x0000012a45b5e980, 0x0000012a45b5ea18]
Event: 1.427 Thread 0x0000012a521f22a0 1403   !   3       java.util.concurrent.ConcurrentHashMap::putVal (432 bytes)
Event: 1.429 Thread 0x0000012a521f22a0 nmethod 1403 0x0000012a3e2a1010 code [0x0000012a3e2a1380, 0x0000012a3e2a2ec8]
Event: 1.440 Thread 0x0000012a52362d30 1404 % !   4       java.util.concurrent.ConcurrentHashMap::transfer @ 96 (849 bytes)
Event: 1.440 Thread 0x0000012a521f22a0 1405       1       jdk.internal.reflect.NativeConstructorAccessorImpl::setParent (6 bytes)
Event: 1.441 Thread 0x0000012a521f22a0 nmethod 1405 0x0000012a45b5eb10 code [0x0000012a45b5eca0, 0x0000012a45b5edb8]
Event: 1.442 Thread 0x0000012a521f22a0 1406   !   3       java.security.Provider::putService (256 bytes)
Event: 1.444 Thread 0x0000012a521f22a0 nmethod 1406 0x0000012a3e2a3890 code [0x0000012a3e2a3c60, 0x0000012a3e2a56d8]
Event: 1.444 Thread 0x0000012a521f22a0 1409       3       java.math.BigInteger::trustedStripLeadingZeroInts (37 bytes)
Event: 1.445 Thread 0x0000012a521f22a0 nmethod 1409 0x0000012a3e2a6010 code [0x0000012a3e2a61c0, 0x0000012a3e2a6428]
Event: 1.445 Thread 0x0000012a521f22a0 1407       3       java.security.Provider::check (18 bytes)

GC Heap History (2 events):
Event: 1.222 GC heap before
{Heap before GC invocations=0 (full 0):
 garbage-first heap   total 63488K, used 23552K [0x00000000c3200000, 0x0000000100000000)
  region size 1024K, 23 young (23552K), 0 survivors (0K)
 Metaspace       used 17417K, committed 17664K, reserved 1114112K
  class space    used 1741K, committed 1856K, reserved 1048576K
}
Event: 1.242 GC heap after
{Heap after GC invocations=1 (full 0):
 garbage-first heap   total 63488K, used 4516K [0x00000000c3200000, 0x0000000100000000)
  region size 1024K, 3 young (3072K), 3 survivors (3072K)
 Metaspace       used 17417K, committed 17664K, reserved 1114112K
  class space    used 1741K, committed 1856K, reserved 1048576K
}

Dll operation events (7 events):
Event: 0.047 Loaded shared library C:\Users\david\.p2\pool\plugins\org.eclipse.justj.openjdk.hotspot.jre.full.win32.x86_64_17.0.8.v20230831-1047\jre\bin\java.dll
Event: 0.223 Loaded shared library C:\Users\david\.p2\pool\plugins\org.eclipse.justj.openjdk.hotspot.jre.full.win32.x86_64_17.0.8.v20230831-1047\jre\bin\net.dll
Event: 0.227 Loaded shared library C:\Users\david\.p2\pool\plugins\org.eclipse.justj.openjdk.hotspot.jre.full.win32.x86_64_17.0.8.v20230831-1047\jre\bin\nio.dll
Event: 0.238 Loaded shared library C:\Users\david\.p2\pool\plugins\org.eclipse.justj.openjdk.hotspot.jre.full.win32.x86_64_17.0.8.v20230831-1047\jre\bin\zip.dll
Event: 0.429 Loaded shared library C:\Users\david\.p2\pool\plugins\org.eclipse.justj.openjdk.hotspot.jre.full.win32.x86_64_17.0.8.v20230831-1047\jre\bin\jimage.dll
Event: 0.516 Loaded shared library C:\Users\david\.p2\pool\plugins\org.eclipse.justj.openjdk.hotspot.jre.full.win32.x86_64_17.0.8.v20230831-1047\jre\bin\verify.dll
Event: 1.438 Loaded shared library C:\Users\david\.p2\pool\plugins\org.eclipse.justj.openjdk.hotspot.jre.full.win32.x86_64_17.0.8.v20230831-1047\jre\bin\sunmscapi.dll

Deoptimization events (20 events):
Event: 1.301 Thread 0x0000012a524a7dd0 Uncommon trap: reason=unstable_if action=reinterpret pc=0x0000012a45b3dde8 method=java.util.concurrent.ConcurrentHashMap.putVal(Ljava/lang/Object;Ljava/lang/Object;Z)Ljava/lang/Object; @ 148 c2
Event: 1.301 Thread 0x0000012a524a6ea0 Uncommon trap: trap_request=0xffffff45 fr.pc=0x0000012a45b3dde8 relative=0x0000000000000f48
Event: 1.301 Thread 0x0000012a524a73b0 Uncommon trap: trap_request=0xffffff45 fr.pc=0x0000012a45b3dde8 relative=0x0000000000000f48
Event: 1.301 Thread 0x0000012a524a78c0 Uncommon trap: reason=unstable_if action=reinterpret pc=0x0000012a45b3dde8 method=java.util.concurrent.ConcurrentHashMap.putVal(Ljava/lang/Object;Ljava/lang/Object;Z)Ljava/lang/Object; @ 148 c2
Event: 1.301 Thread 0x0000012a524a8d00 Uncommon trap: reason=unstable_if action=reinterpret pc=0x0000012a45b3dde8 method=java.util.concurrent.ConcurrentHashMap.putVal(Ljava/lang/Object;Ljava/lang/Object;Z)Ljava/lang/Object; @ 148 c2
Event: 1.301 Thread 0x0000012a524a6ea0 Uncommon trap: reason=unstable_if action=reinterpret pc=0x0000012a45b3dde8 method=java.util.concurrent.ConcurrentHashMap.putVal(Ljava/lang/Object;Ljava/lang/Object;Z)Ljava/lang/Object; @ 148 c2
Event: 1.301 Thread 0x0000012a524a6480 Uncommon trap: reason=unstable_if action=reinterpret pc=0x0000012a45b3dde8 method=java.util.concurrent.ConcurrentHashMap.putVal(Ljava/lang/Object;Ljava/lang/Object;Z)Ljava/lang/Object; @ 148 c2
Event: 1.301 Thread 0x0000012a524a73b0 Uncommon trap: reason=unstable_if action=reinterpret pc=0x0000012a45b3dde8 method=java.util.concurrent.ConcurrentHashMap.putVal(Ljava/lang/Object;Ljava/lang/Object;Z)Ljava/lang/Object; @ 148 c2
Event: 1.301 Thread 0x0000012a524a7dd0 DEOPT PACKING pc=0x0000012a45b3dde8 sp=0x00000021480febd0
Event: 1.301 Thread 0x0000012a524a7dd0 DEOPT UNPACKING pc=0x0000012a455a69a3 sp=0x00000021480feb50 mode 2
Event: 1.301 Thread 0x0000012a524a78c0 DEOPT PACKING pc=0x0000012a45b3dde8 sp=0x00000021484fee70
Event: 1.301 Thread 0x0000012a524a78c0 DEOPT UNPACKING pc=0x0000012a455a69a3 sp=0x00000021484fedf0 mode 2
Event: 1.301 Thread 0x0000012a524a8d00 DEOPT PACKING pc=0x0000012a45b3dde8 sp=0x00000021483fef90
Event: 1.301 Thread 0x0000012a524a8d00 DEOPT UNPACKING pc=0x0000012a455a69a3 sp=0x00000021483fef10 mode 2
Event: 1.301 Thread 0x0000012a524a6ea0 DEOPT PACKING pc=0x0000012a45b3dde8 sp=0x00000021482fee30
Event: 1.301 Thread 0x0000012a524a6ea0 DEOPT UNPACKING pc=0x0000012a455a69a3 sp=0x00000021482fedb0 mode 2
Event: 1.301 Thread 0x0000012a524a6480 DEOPT PACKING pc=0x0000012a45b3dde8 sp=0x0000002147fff0c0
Event: 1.301 Thread 0x0000012a524a73b0 DEOPT PACKING pc=0x0000012a45b3dde8 sp=0x00000021481fed40
Event: 1.302 Thread 0x0000012a524a73b0 DEOPT UNPACKING pc=0x0000012a455a69a3 sp=0x00000021481fecc0 mode 2
Event: 1.302 Thread 0x0000012a524a6480 DEOPT UNPACKING pc=0x0000012a455a69a3 sp=0x0000002147fff040 mode 2

Classes unloaded (0 events):
No events

Classes redefined (0 events):
No events

Internal exceptions (20 events):
Event: 0.498 Thread 0x0000012a3a966aa0 Exception <a 'java/lang/NoSuchMethodError'{0x00000000c6bc6a08}: 'java.lang.Object java.lang.invoke.DirectMethodHandle$Holder.invokeStaticInit(java.lang.Object)'> (0x00000000c6bc6a08) 
thrown [s\src\hotspot\share\interpreter\linkResolver.cpp, line 759]
Event: 0.507 Thread 0x0000012a3a966aa0 Exception <a 'java/lang/NoSuchMethodError'{0x00000000c6bd3ff0}: 'void java.lang.invoke.DirectMethodHandle$Holder.invokeStatic(java.lang.Object, java.lang.Object)'> (0x00000000c6bd3ff0) 
thrown [s\src\hotspot\share\interpreter\linkResolver.cpp, line 759]
Event: 0.586 Thread 0x0000012a3a966aa0 Exception <a 'java/lang/NoSuchMethodError'{0x00000000c6938bd8}: 'java.lang.Object java.lang.invoke.DirectMethodHandle$Holder.invokeInterface(java.lang.Object, java.lang.Object)'> (0x00000000c6938bd8) 
thrown [s\src\hotspot\share\interpreter\linkResolver.cpp, line 759]
Event: 0.587 Thread 0x0000012a3a966aa0 Exception <a 'java/lang/IncompatibleClassChangeError'{0x00000000c693c470}: Found class java.lang.Object, but interface was expected> (0x00000000c693c470) 
thrown [s\src\hotspot\share\interpreter\linkResolver.cpp, line 826]
Event: 0.607 Thread 0x0000012a3a966aa0 Exception <a 'java/lang/NoSuchMethodError'{0x00000000c69a25f0}: 'java.lang.Object java.lang.invoke.DirectMethodHandle$Holder.newInvokeSpecial(java.lang.Object, java.lang.Object, java.lang.Object, java.lang.Object, java.lang.Object)'> (0x00000000c69a25f0) 
thrown [s\src\hotspot\share\interpreter\linkResolver.cpp, line 759]
Event: 0.725 Thread 0x0000012a3a966aa0 Exception <a 'java/lang/NoSuchMethodError'{0x00000000c6609d28}: 'java.lang.Object java.lang.invoke.DirectMethodHandle$Holder.invokeStatic(java.lang.Object, int, java.lang.Object)'> (0x00000000c6609d28) 
thrown [s\src\hotspot\share\interpreter\linkResolver.cpp, line 759]
Event: 0.730 Thread 0x0000012a3a966aa0 Exception <a 'java/lang/NoSuchMethodError'{0x00000000c6618410}: 'void java.lang.invoke.DirectMethodHandle$Holder.invokeSpecial(java.lang.Object, java.lang.Object, java.lang.Object)'> (0x00000000c6618410) 
thrown [s\src\hotspot\share\interpreter\linkResolver.cpp, line 759]
Event: 0.741 Thread 0x0000012a3a966aa0 Exception <a 'java/lang/ClassNotFoundException'{0x00000000c6654810}: sun/util/logging/resources/spi/loggingProvider> (0x00000000c6654810) 
thrown [s\src\hotspot\share\classfile\systemDictionary.cpp, line 256]
Event: 0.757 Thread 0x0000012a3a966aa0 Exception <a 'sun/nio/fs/WindowsException'{0x00000000c6685be0}> (0x00000000c6685be0) 
thrown [s\src\hotspot\share\prims\jni.cpp, line 516]
Event: 0.787 Thread 0x0000012a3a966aa0 Exception <a 'java/lang/NoSuchMethodError'{0x00000000c6534508}: 'java.lang.Object java.lang.invoke.DirectMethodHandle$Holder.invokeStaticInit(java.lang.Object, int, int, int, int)'> (0x00000000c6534508) 
thrown [s\src\hotspot\share\interpreter\linkResolver.cpp, line 759]
Event: 0.795 Thread 0x0000012a3a966aa0 Exception <a 'java/lang/NoSuchMethodError'{0x00000000c6549460}: 'void java.lang.invoke.DirectMethodHandle$Holder.invokeStatic(java.lang.Object, java.lang.Object, java.lang.Object)'> (0x00000000c6549460) 
thrown [s\src\hotspot\share\interpreter\linkResolver.cpp, line 759]
Event: 0.874 Thread 0x0000012a3a966aa0 Exception <a 'java/lang/NoSuchMethodError'{0x00000000c641c428}: 'java.lang.Object java.lang.invoke.DirectMethodHandle$Holder.invokeStaticInit(java.lang.Object, java.lang.Object, int, int, int, int)'> (0x00000000c641c428) 
thrown [s\src\hotspot\share\interpreter\linkResolver.cpp, line 759]
Event: 1.009 Thread 0x0000012a3a966aa0 Implicit null exception at 0x0000012a45b3eff5 to 0x0000012a45b3f754
Event: 1.083 Thread 0x0000012a524a9c30 Implicit null exception at 0x0000012a45b3b372 to 0x0000012a45b3baac
Event: 1.092 Thread 0x0000012a3a966aa0 Exception <a 'java/lang/NoSuchMethodError'{0x00000000c60d7fe0}: 'int java.lang.invoke.DirectMethodHandle$Holder.invokeVirtual(java.lang.Object, java.lang.Object)'> (0x00000000c60d7fe0) 
thrown [s\src\hotspot\share\interpreter\linkResolver.cpp, line 759]
Event: 1.124 Thread 0x0000012a524a8d00 Exception <a 'sun/nio/fs/WindowsException'{0x00000000c5cbabf0}> (0x00000000c5cbabf0) 
thrown [s\src\hotspot\share\prims\jni.cpp, line 516]
Event: 1.140 Thread 0x0000012a524a8d00 Exception <a 'java/lang/NoSuchMethodError'{0x00000000c5ce0968}: 'int java.lang.invoke.DirectMethodHandle$Holder.invokeStaticInit(java.lang.Object, java.lang.Object, java.lang.Object, java.lang.Object)'> (0x00000000c5ce0968) 
thrown [s\src\hotspot\share\interpreter\linkResolver.cpp, line 759]
Event: 1.141 Thread 0x0000012a524a8d00 Exception <a 'java/lang/IncompatibleClassChangeError'{0x00000000c5ce9e10}: Found class java.lang.Object, but interface was expected> (0x00000000c5ce9e10) 
thrown [s\src\hotspot\share\interpreter\linkResolver.cpp, line 826]
Event: 1.142 Thread 0x0000012a524a8d00 Exception <a 'java/lang/NoSuchMethodError'{0x00000000c5b01138}: 'void java.lang.invoke.DirectMethodHandle$Holder.invokeStaticInit(java.lang.Object, java.lang.Object)'> (0x00000000c5b01138) 
thrown [s\src\hotspot\share\interpreter\linkResolver.cpp, line 759]
Event: 1.144 Thread 0x0000012a524a8d00 Exception <a 'java/lang/NoSuchMethodError'{0x00000000c5b06e50}: 'int java.lang.invoke.DirectMethodHandle$Holder.invokeStaticInit(java.lang.Object, java.lang.Object)'> (0x00000000c5b06e50) 
thrown [s\src\hotspot\share\interpreter\linkResolver.cpp, line 759]

VM Operations (18 events):
Event: 0.251 Executing VM operation: HandshakeAllThreads
Event: 0.251 Executing VM operation: HandshakeAllThreads done
Event: 0.358 Executing VM operation: HandshakeAllThreads
Event: 0.358 Executing VM operation: HandshakeAllThreads done
Event: 0.479 Executing VM operation: HandshakeAllThreads
Event: 0.479 Executing VM operation: HandshakeAllThreads done
Event: 0.673 Executing VM operation: HandshakeAllThreads
Event: 0.673 Executing VM operation: HandshakeAllThreads done
Event: 0.783 Executing VM operation: HandshakeAllThreads
Event: 0.783 Executing VM operation: HandshakeAllThreads done
Event: 1.125 Executing VM operation: HandshakeAllThreads
Event: 1.125 Executing VM operation: HandshakeAllThreads done
Event: 1.125 Executing VM operation: Cleanup
Event: 1.126 Executing VM operation: Cleanup done
Event: 1.133 Executing VM operation: HandshakeAllThreads
Event: 1.133 Executing VM operation: HandshakeAllThreads done
Event: 1.221 Executing VM operation: G1CollectForAllocation
Event: 1.242 Executing VM operation: G1CollectForAllocation done

Events (20 events):
Event: 1.441 loading class sun/security/provider/certpath/ldap/JdkLDAP$ProviderService
Event: 1.441 loading class sun/security/provider/certpath/ldap/JdkLDAP$ProviderService done
Event: 1.441 loading class com/sun/security/sasl/Provider
Event: 1.442 loading class com/sun/security/sasl/Provider done
Event: 1.442 loading class com/sun/security/sasl/Provider$1
Event: 1.442 loading class com/sun/security/sasl/Provider$1 done
Event: 1.442 loading class com/sun/security/sasl/Provider$ProviderService
Event: 1.442 loading class com/sun/security/sasl/Provider$ProviderService done
Event: 1.442 loading class sun/security/ssl/PredefinedDHParameterSpecs
Event: 1.443 loading class sun/security/ssl/PredefinedDHParameterSpecs done
Event: 1.444 loading class java/util/regex/Pattern$Loop
Event: 1.444 loading class java/util/regex/Pattern$Loop done
Event: 1.444 loading class java/util/regex/Pattern$Prolog
Event: 1.444 loading class java/util/regex/Pattern$Prolog done
Event: 1.444 loading class sun/security/ssl/PredefinedDHParameterSpecs$1
Event: 1.444 loading class sun/security/ssl/PredefinedDHParameterSpecs$1 done
Event: 1.444 loading class sun/security/util/SafeDHParameterSpec
Event: 1.444 loading class javax/crypto/spec/DHParameterSpec
Event: 1.444 loading class javax/crypto/spec/DHParameterSpec done
Event: 1.445 loading class sun/security/util/SafeDHParameterSpec done


Dynamic libraries:
0x00007ff7b3830000 - 0x00007ff7b383e000 	C:\Users\david\.p2\pool\plugins\org.eclipse.justj.openjdk.hotspot.jre.full.win32.x86_64_17.0.8.v20230831-1047\jre\bin\javaw.exe
0x00007ff8b9670000 - 0x00007ff8b9887000 	C:\WINDOWS\SYSTEM32\ntdll.dll
0x00007ff8b8bb0000 - 0x00007ff8b8c74000 	C:\WINDOWS\System32\KERNEL32.DLL
0x00007ff8b69e0000 - 0x00007ff8b6d85000 	C:\WINDOWS\System32\KERNELBASE.dll
0x00007ff8b6dc0000 - 0x00007ff8b6ed1000 	C:\WINDOWS\System32\ucrtbase.dll
0x00007ff8b1d70000 - 0x00007ff8b1d87000 	C:\Users\david\.p2\pool\plugins\org.eclipse.justj.openjdk.hotspot.jre.full.win32.x86_64_17.0.8.v20230831-1047\jre\bin\jli.dll
0x00007ff89dca0000 - 0x00007ff89dcb9000 	C:\Users\david\.p2\pool\plugins\org.eclipse.justj.openjdk.hotspot.jre.full.win32.x86_64_17.0.8.v20230831-1047\jre\bin\VCRUNTIME140.dll
0x00007ff8b7680000 - 0x00007ff8b782e000 	C:\WINDOWS\System32\USER32.dll
0x00007ff8b6d90000 - 0x00007ff8b6db6000 	C:\WINDOWS\System32\win32u.dll
0x00007ff8b7b10000 - 0x00007ff8b7b39000 	C:\WINDOWS\System32\GDI32.dll
0x00007ff8b7230000 - 0x00007ff8b7349000 	C:\WINDOWS\System32\gdi32full.dll
0x00007ff8b7110000 - 0x00007ff8b71aa000 	C:\WINDOWS\System32\msvcp_win.dll
0x00007ff89ca50000 - 0x00007ff89cce3000 	C:\WINDOWS\WinSxS\amd64_microsoft.windows.common-controls_6595b64144ccf1df_6.0.22621.2506_none_270c5ae97388e100\COMCTL32.dll
0x00007ff8b73c0000 - 0x00007ff8b7467000 	C:\WINDOWS\System32\msvcrt.dll
0x00007ff8b8e30000 - 0x00007ff8b8e61000 	C:\WINDOWS\System32\IMM32.DLL
0x00007ff8b1dd0000 - 0x00007ff8b1ddc000 	C:\Users\david\.p2\pool\plugins\org.eclipse.justj.openjdk.hotspot.jre.full.win32.x86_64_17.0.8.v20230831-1047\jre\bin\vcruntime140_1.dll
0x00007ff876600000 - 0x00007ff876691000 	C:\Users\david\.p2\pool\plugins\org.eclipse.justj.openjdk.hotspot.jre.full.win32.x86_64_17.0.8.v20230831-1047\jre\bin\msvcp140.dll
0x00007ff840bf0000 - 0x00007ff84183c000 	C:\Users\david\.p2\pool\plugins\org.eclipse.justj.openjdk.hotspot.jre.full.win32.x86_64_17.0.8.v20230831-1047\jre\bin\server\jvm.dll
0x00007ff8b7470000 - 0x00007ff8b7521000 	C:\WINDOWS\System32\ADVAPI32.dll
0x00007ff8b7bc0000 - 0x00007ff8b7c66000 	C:\WINDOWS\System32\sechost.dll
0x00007ff8b8c80000 - 0x00007ff8b8d97000 	C:\WINDOWS\System32\RPCRT4.dll
0x00007ff8b5830000 - 0x00007ff8b587d000 	C:\WINDOWS\SYSTEM32\POWRPROF.dll
0x00007ff8ad3c0000 - 0x00007ff8ad3c9000 	C:\WINDOWS\SYSTEM32\WSOCK32.dll
0x00007ff8b7c70000 - 0x00007ff8b7ce1000 	C:\WINDOWS\System32\WS2_32.dll
0x00007ff8ad1f0000 - 0x00007ff8ad224000 	C:\WINDOWS\SYSTEM32\WINMM.dll
0x00007ff8ab7e0000 - 0x00007ff8ab7ea000 	C:\WINDOWS\SYSTEM32\VERSION.dll
0x00007ff8b5810000 - 0x00007ff8b5823000 	C:\WINDOWS\SYSTEM32\UMPDC.dll
0x00007ff8b5ad0000 - 0x00007ff8b5ae8000 	C:\WINDOWS\SYSTEM32\kernel.appcore.dll
0x00007ff89c810000 - 0x00007ff89c81a000 	C:\Users\david\.p2\pool\plugins\org.eclipse.justj.openjdk.hotspot.jre.full.win32.x86_64_17.0.8.v20230831-1047\jre\bin\jimage.dll
0x00007ff8b3c60000 - 0x00007ff8b3e93000 	C:\WINDOWS\SYSTEM32\DBGHELP.DLL
0x00007ff8b8ed0000 - 0x00007ff8b9259000 	C:\WINDOWS\System32\combase.dll
0x00007ff8b7cf0000 - 0x00007ff8b7dc7000 	C:\WINDOWS\System32\OLEAUT32.dll
0x00007ff8a7350000 - 0x00007ff8a7382000 	C:\WINDOWS\SYSTEM32\dbgcore.DLL
0x00007ff8b71b0000 - 0x00007ff8b722a000 	C:\WINDOWS\System32\bcryptPrimitives.dll
0x00007ff865fa0000 - 0x00007ff865fc5000 	C:\Users\david\.p2\pool\plugins\org.eclipse.justj.openjdk.hotspot.jre.full.win32.x86_64_17.0.8.v20230831-1047\jre\bin\java.dll
0x00007ff876790000 - 0x00007ff8767a8000 	C:\Users\david\.p2\pool\plugins\org.eclipse.justj.openjdk.hotspot.jre.full.win32.x86_64_17.0.8.v20230831-1047\jre\bin\zip.dll
0x00007ff8b8350000 - 0x00007ff8b8ba9000 	C:\WINDOWS\System32\SHELL32.dll
0x00007ff8b4910000 - 0x00007ff8b5204000 	C:\WINDOWS\SYSTEM32\windows.storage.dll
0x00007ff8b47d0000 - 0x00007ff8b490e000 	C:\WINDOWS\SYSTEM32\wintypes.dll
0x00007ff8b9530000 - 0x00007ff8b9623000 	C:\WINDOWS\System32\SHCORE.dll
0x00007ff8b8280000 - 0x00007ff8b82de000 	C:\WINDOWS\System32\shlwapi.dll
0x00007ff8b6910000 - 0x00007ff8b6936000 	C:\WINDOWS\SYSTEM32\profapi.dll
0x00007ff8719c0000 - 0x00007ff8719d9000 	C:\Users\david\.p2\pool\plugins\org.eclipse.justj.openjdk.hotspot.jre.full.win32.x86_64_17.0.8.v20230831-1047\jre\bin\net.dll
0x00007ff8b01e0000 - 0x00007ff8b0317000 	C:\WINDOWS\SYSTEM32\WINHTTP.dll
0x00007ff8b5f50000 - 0x00007ff8b5fb9000 	C:\WINDOWS\system32\mswsock.dll
0x00007ff8717e0000 - 0x00007ff8717f5000 	C:\Users\david\.p2\pool\plugins\org.eclipse.justj.openjdk.hotspot.jre.full.win32.x86_64_17.0.8.v20230831-1047\jre\bin\nio.dll
0x00007ff8b5520000 - 0x00007ff8b554d000 	C:\WINDOWS\SYSTEM32\IPHLPAPI.DLL
0x00007ff8b8250000 - 0x00007ff8b8259000 	C:\WINDOWS\System32\NSI.dll
0x00007ff8b00f0000 - 0x00007ff8b0109000 	C:\WINDOWS\SYSTEM32\dhcpcsvc6.DLL
0x00007ff8b00d0000 - 0x00007ff8b00ef000 	C:\WINDOWS\SYSTEM32\dhcpcsvc.DLL
0x00007ff8b55a0000 - 0x00007ff8b5699000 	C:\WINDOWS\SYSTEM32\DNSAPI.dll
0x00007ff89d960000 - 0x00007ff89d970000 	C:\Users\david\.p2\pool\plugins\org.eclipse.justj.openjdk.hotspot.jre.full.win32.x86_64_17.0.8.v20230831-1047\jre\bin\verify.dll
0x00007ff8b61a0000 - 0x00007ff8b61bb000 	C:\WINDOWS\SYSTEM32\CRYPTSP.dll
0x00007ff8b5a30000 - 0x00007ff8b5a65000 	C:\WINDOWS\system32\rsaenh.dll
0x00007ff8b6040000 - 0x00007ff8b606c000 	C:\WINDOWS\SYSTEM32\USERENV.dll
0x00007ff8b6370000 - 0x00007ff8b6398000 	C:\WINDOWS\SYSTEM32\bcrypt.dll
0x00007ff8b61c0000 - 0x00007ff8b61cc000 	C:\WINDOWS\SYSTEM32\CRYPTBASE.dll
0x0000000061f50000 - 0x0000000061f76000 	C:\Program Files\Bonjour\mdnsNSP.dll
0x00007ff8ab900000 - 0x00007ff8ab90a000 	C:\Windows\System32\rasadhlp.dll
0x00007ff8ad4a0000 - 0x00007ff8ad523000 	C:\WINDOWS\System32\fwpuclnt.dll
0x00007ff89b620000 - 0x00007ff89b62e000 	C:\Users\david\.p2\pool\plugins\org.eclipse.justj.openjdk.hotspot.jre.full.win32.x86_64_17.0.8.v20230831-1047\jre\bin\sunmscapi.dll
0x00007ff8b6fa0000 - 0x00007ff8b7106000 	C:\WINDOWS\System32\CRYPT32.dll
0x00007ff8b6340000 - 0x00007ff8b636d000 	C:\WINDOWS\SYSTEM32\ncrypt.dll
0x00007ff8b6300000 - 0x00007ff8b6337000 	C:\WINDOWS\SYSTEM32\NTASN1.dll

dbghelp: loaded successfully - version: 4.0.5 - missing functions: none
symbol engine: initialized successfully - sym options: 0x614 - pdb path: .;C:\Users\david\.p2\pool\plugins\org.eclipse.justj.openjdk.hotspot.jre.full.win32.x86_64_17.0.8.v20230831-1047\jre\bin;C:\WINDOWS\SYSTEM32;C:\WINDOWS\WinSxS\amd64_microsoft.windows.common-controls_6595b64144ccf1df_6.0.22621.2506_none_270c5ae97388e100;C:\Users\david\.p2\pool\plugins\org.eclipse.justj.openjdk.hotspot.jre.full.win32.x86_64_17.0.8.v20230831-1047\jre\bin\server;C:\Program Files\Bonjour

VM Arguments:
jvm_args: -ea -Dfile.encoding=UTF-8 -Dstdout.encoding=UTF-8 -Dstderr.encoding=UTF-8 -XX:+ShowCodeDetailsInExceptionMessages 
java_command: org.eclipse.jdt.internal.junit.runner.RemoteTestRunner -version 3 -port 64854 -testLoaderClass org.eclipse.jdt.internal.junit4.runner.JUnit4TestLoader -loaderpluginname org.eclipse.jdt.junit4.runtime -classNames WhiteBox.Controllers.CategoriesControllerTest
java_class_path (initial): C:\Users\david\Downloads\QualityAssurance\FoodAllergyAnalyzer\FoodAnalyzerNewVersion\target\classes;C:\Users\david\.p2\pool\plugins\org.junit_4.13.2.v20230809-1000.jar;C:\Users\david\.p2\pool\plugins\org.hamcrest_2.2.0.jar;C:\Users\david\.p2\pool\plugins\org.hamcrest.core_2.2.0.v20230809-1000.jar;C:\Users\david\.m2\repository\com\fasterxml\jackson\core\jackson-databind\2.13.0\jackson-databind-2.13.0.jar;C:\Users\david\.m2\repository\com\fasterxml\jackson\core\jackson-annotations\2.13.0\jackson-annotations-2.13.0.jar;C:\Users\david\.m2\repository\com\fasterxml\jackson\core\jackson-core\2.13.0\jackson-core-2.13.0.jar;C:\Users\david\.m2\repository\org\mindrot\jbcrypt\0.4\jbcrypt-0.4.jar;C:\Users\david\.m2\repository\org\mongodb\mongodb-driver-sync\4.2.3\mongodb-driver-sync-4.2.3.jar;C:\Users\david\.m2\repository\org\mongodb\bson\4.2.3\bson-4.2.3.jar;C:\Users\david\.m2\repository\org\mongodb\mongodb-driver-core\4.2.3\mongodb-driver-core-4.2.3.jar;C:\Users\david\eclipse\java-2023-09\eclipse\configuration\org.eclipse.osgi\250\0\.cp;C:\Users\david\eclipse\java-2023-09\eclipse\configuration\org.eclipse.osgi\249\0\.cp
Launcher Type: SUN_STANDARD

[Global flags]
     intx CICompilerCount                          = 4                                         {product} {ergonomic}
     uint ConcGCThreads                            = 2                                         {product} {ergonomic}
     uint G1ConcRefinementThreads                  = 8                                         {product} {ergonomic}
   size_t G1HeapRegionSize                         = 1048576                                   {product} {ergonomic}
    uintx GCDrainStackTargetSize                   = 64                                        {product} {ergonomic}
   size_t InitialHeapSize                          = 65011712                                  {product} {ergonomic}
   size_t MarkStackSize                            = 4194304                                   {product} {ergonomic}
   size_t MaxHeapSize                              = 1021313024                                {product} {ergonomic}
   size_t MaxNewSize                               = 612368384                                 {product} {ergonomic}
   size_t MinHeapDeltaBytes                        = 1048576                                   {product} {ergonomic}
   size_t MinHeapSize                              = 8388608                                   {product} {ergonomic}
    uintx NonNMethodCodeHeapSize                   = 5839372                                {pd product} {ergonomic}
    uintx NonProfiledCodeHeapSize                  = 122909434                              {pd product} {ergonomic}
    uintx ProfiledCodeHeapSize                     = 122909434                              {pd product} {ergonomic}
    uintx ReservedCodeCacheSize                    = 251658240                              {pd product} {ergonomic}
     bool SegmentedCodeCache                       = true                                      {product} {ergonomic}
     bool ShowCodeDetailsInExceptionMessages       = true                                   {manageable} {command line}
   size_t SoftMaxHeapSize                          = 1021313024                             {manageable} {ergonomic}
     bool UseCompressedClassPointers               = true                           {product lp64_product} {ergonomic}
     bool UseCompressedOops                        = true                           {product lp64_product} {ergonomic}
     bool UseG1GC                                  = true                                      {product} {ergonomic}
     bool UseLargePagesIndividualAllocation        = false                                  {pd product} {ergonomic}

Logging:
Log output configuration:
 #0: stdout all=warning uptime,level,tags
 #1: stderr all=off uptime,level,tags

Environment Variables:
PATH=C:/Users/david/.p2/pool/plugins/org.eclipse.justj.openjdk.hotspot.jre.full.win32.x86_64_17.0.8.v20230831-1047/jre/bin/server;C:/Users/david/.p2/pool/plugins/org.eclipse.justj.openjdk.hotspot.jre.full.win32.x86_64_17.0.8.v20230831-1047/jre/bin;C:\Windows\system32;C:\Windows;C:\Windows\System32\Wbem;C:\Windows\System32\WindowsPowerShell\v1.0\;C:\Windows\System32\OpenSSH\;C:\Program Files (x86)\NVIDIA Corporation\PhysX\Common;C:\Program Files\NVIDIA Corporation\NVIDIA NvDLISR;C:\WINDOWS\system32;C:\WINDOWS;C:\WINDOWS\System32\Wbem;C:\WINDOWS\System32\WindowsPowerShell\v1.0\;C:\WINDOWS\System32\OpenSSH\;C:\Program Files (x86)\dotnet\;C:\Program Files\Git\cmd;C:\Users\david\AppData\Local\Microsoft\WindowsApps;C:\Users\david\AppData\Local\GitHubDesktop\bin;C:\WINDOWS\System32;
USERNAME=david
OS=Windows_NT
PROCESSOR_IDENTIFIER=Intel64 Family 6 Model 165 Stepping 2, GenuineIntel
TMP=C:\Users\david\AppData\Local\Temp
TEMP=C:\Users\david\AppData\Local\Temp



---------------  S Y S T E M  ---------------

OS:
 Windows 11 , 64 bit Build 22621 (10.0.22621.2506)
OS uptime: 6 days 5:32 hours

CPU: total 8 (initial active 8) (4 cores per cpu, 2 threads per core) family 6 model 165 stepping 2 microcode 0xf8, cx8, cmov, fxsr, ht, mmx, 3dnowpref, sse, sse2, sse3, ssse3, sse4.1, sse4.2, popcnt, lzcnt, tsc, tscinvbit, avx, avx2, aes, erms, clmul, bmi1, bmi2, adx, fma, vzeroupper, clflush, clflushopt
Processor Information for all 8 processors :
  Max Mhz: 2496, Current Mhz: 2496, Mhz Limit: 2496

Memory: 4k page, system-wide physical 3889M (235M free)
TotalPageFile size 15665M (AvailPageFile size 0M)
current process WorkingSet (physical memory assigned to process): 90M, peak: 90M
current process commit charge ("private bytes"): 160M, peak: 160M

vm_info: OpenJDK 64-Bit Server VM (17.0.8.1+1) for windows-amd64 JRE (17.0.8.1+1), built on Aug 23 2023 15:29:17 by "admin" with MS VC++ 16.7 (VS2019)

END.
