#
# There is insufficient memory for the Java Runtime Environment to continue.
# Native memory allocation (malloc) failed to allocate 334736 bytes for Chunk::new
# Possible reasons:
#   The system is out of physical RAM or swap space
#   The process is running with CompressedOops enabled, and the Java Heap may be blocking the growth of the native heap
# Possible solutions:
#   Reduce memory load on the system
#   Increase physical memory or swap space
#   Check if swap backing store is full
#   Decrease Java heap size (-Xmx/-Xms)
#   Decrease number of Java threads
#   Decrease Java thread stack sizes (-Xss)
#   Set larger code cache with -XX:ReservedCodeCacheSize=
#   JVM is running with Unscaled Compressed Oops mode in which the Java heap is
#     placed in the first 4GB address space. The Java Heap base address is the
#     maximum limit for the native heap growth. Please use -XX:HeapBaseMinAddress
#     to set the Java Heap base and to place the Java Heap above 4GB virtual address.
# This output file may be truncated or incomplete.
#
#  Out of Memory Error (arena.cpp:189), pid=15944, tid=10552
#
# JRE version: OpenJDK Runtime Environment Temurin-17.0.8.1+1 (17.0.8.1+1) (build 17.0.8.1+1)
# Java VM: OpenJDK 64-Bit Server VM Temurin-17.0.8.1+1 (17.0.8.1+1, mixed mode, tiered, compressed oops, compressed class ptrs, g1 gc, windows-amd64)
# No core dump will be written. Minidumps are not enabled by default on client versions of Windows
#

---------------  S U M M A R Y ------------

Command Line: -ea -Dfile.encoding=UTF-8 -Dstdout.encoding=UTF-8 -Dstderr.encoding=UTF-8 -XX:+ShowCodeDetailsInExceptionMessages org.eclipse.jdt.internal.junit.runner.RemoteTestRunner -version 3 -port 55483 -testLoaderClass org.eclipse.jdt.internal.junit4.runner.JUnit4TestLoader -loaderpluginname org.eclipse.jdt.junit4.runtime -classNames WhiteBox.Controllers.CategoriesControllerTest

Host: Intel(R) Core(TM) i5-10300H CPU @ 2.50GHz, 8 cores, 3G,  Windows 11 , 64 bit Build 22621 (10.0.22621.2506)
Time: Sun Nov 26 23:16:49 2023 GMT elapsed time: 1.074438 seconds (0d 0h 0m 1s)

---------------  T H R E A D  ---------------

Current thread (0x000001a3b00050a0):  JavaThread "C2 CompilerThread0" daemon [_thread_in_native, id=10552, stack(0x0000006378600000,0x0000006378700000)]


Current CompileTask:
C2:   1074  939 %     4       sun.security.provider.SHA::implCompress0 @ 27 (506 bytes)

Stack: [0x0000006378600000,0x0000006378700000]
Native frames: (J=compiled Java code, j=interpreted, Vv=VM code, C=native code)
V  [jvm.dll+0x678b0a]
V  [jvm.dll+0x835e84]
V  [jvm.dll+0x83762e]
V  [jvm.dll+0x837c93]
V  [jvm.dll+0x24746f]
V  [jvm.dll+0xac20c]
V  [jvm.dll+0xac7dc]
V  [jvm.dll+0x2ae7af]
V  [jvm.dll+0x581427]
V  [jvm.dll+0x222602]
V  [jvm.dll+0x2229df]
V  [jvm.dll+0x21ba55]
V  [jvm.dll+0x218f0b]
V  [jvm.dll+0x1a534d]
V  [jvm.dll+0x228d8a]
V  [jvm.dll+0x226dcc]
V  [jvm.dll+0x7ec09b]
V  [jvm.dll+0x7e64ca]
V  [jvm.dll+0x677955]
C  [ucrtbase.dll+0x29363]
C  [KERNEL32.DLL+0x1257d]
C  [ntdll.dll+0x5aa58]


---------------  P R O C E S S  ---------------

Threads class SMR info:
_java_thread_list=0x000001a3b07bed90, length=14, elements={
0x000001a3925c8840, 0x000001a3abd736d0, 0x000001a3abd74460, 0x000001a3abdc6280,
0x000001a3abdc6d50, 0x000001a3abdca570, 0x000001a3abdcf9c0, 0x000001a3b00050a0,
0x000001a3b000daa0, 0x000001a3b0016510, 0x000001a3b0016a20, 0x000001a3b0016f30,
0x000001a3b0017950, 0x000001a3b0017e60
}

Java Threads: ( => current thread )
  0x000001a3925c8840 JavaThread "main" [_thread_in_native, id=8980, stack(0x0000006377900000,0x0000006377a00000)]
  0x000001a3abd736d0 JavaThread "Reference Handler" daemon [_thread_blocked, id=23412, stack(0x0000006378000000,0x0000006378100000)]
  0x000001a3abd74460 JavaThread "Finalizer" daemon [_thread_blocked, id=22144, stack(0x0000006378100000,0x0000006378200000)]
  0x000001a3abdc6280 JavaThread "Signal Dispatcher" daemon [_thread_blocked, id=22368, stack(0x0000006378200000,0x0000006378300000)]
  0x000001a3abdc6d50 JavaThread "Attach Listener" daemon [_thread_blocked, id=4356, stack(0x0000006378300000,0x0000006378400000)]
  0x000001a3abdca570 JavaThread "Service Thread" daemon [_thread_blocked, id=21568, stack(0x0000006378400000,0x0000006378500000)]
  0x000001a3abdcf9c0 JavaThread "Monitor Deflation Thread" daemon [_thread_blocked, id=22804, stack(0x0000006378500000,0x0000006378600000)]
=>0x000001a3b00050a0 JavaThread "C2 CompilerThread0" daemon [_thread_in_native, id=10552, stack(0x0000006378600000,0x0000006378700000)]
  0x000001a3b000daa0 JavaThread "C1 CompilerThread0" daemon [_thread_blocked, id=8828, stack(0x0000006378700000,0x0000006378800000)]
  0x000001a3b0016510 JavaThread "Sweeper thread" daemon [_thread_blocked, id=11036, stack(0x0000006378800000,0x0000006378900000)]
  0x000001a3b0016a20 JavaThread "Notification Thread" daemon [_thread_blocked, id=7752, stack(0x0000006378900000,0x0000006378a00000)]
  0x000001a3b0016f30 JavaThread "Common-Cleaner" daemon [_thread_blocked, id=14380, stack(0x0000006378b00000,0x0000006378c00000)]
  0x000001a3b0017950 JavaThread "ReaderThread" [_thread_in_native, id=23392, stack(0x0000006378c00000,0x0000006378d00000)]
  0x000001a3b0017e60 JavaThread "Thread-0" daemon [_thread_in_native, id=18916, stack(0x0000006378d00000,0x0000006378e00000)]

Other Threads:
  0x000001a3abd1a820 VMThread "VM Thread" [stack: 0x0000006377f00000,0x0000006378000000] [id=19616]
  0x000001a3b015d5e0 WatcherThread [stack: 0x0000006378a00000,0x0000006378b00000] [id=2652]
  0x000001a392607840 GCTaskThread "GC Thread#0" [stack: 0x0000006377a00000,0x0000006377b00000] [id=13712]
  0x000001a3926108f0 ConcurrentGCThread "G1 Main Marker" [stack: 0x0000006377b00000,0x0000006377c00000] [id=23300]
  0x000001a392611300 ConcurrentGCThread "G1 Conc#0" [stack: 0x0000006377c00000,0x0000006377d00000] [id=22996]
  0x000001a39265f330 ConcurrentGCThread "G1 Refine#0" [stack: 0x0000006377d00000,0x0000006377e00000] [id=15212]
  0x000001a392660c80 ConcurrentGCThread "G1 Service" [stack: 0x0000006377e00000,0x0000006377f00000] [id=21792]

Threads with active compile tasks:
C2 CompilerThread0     1106  939 %     4       sun.security.provider.SHA::implCompress0 @ 27 (506 bytes)

VM state: not at safepoint (normal execution)

VM Mutex/Monitor currently owned by a thread: None

Heap address: 0x00000000c3200000, size: 974 MB, Compressed Oops mode: 32-bit

CDS archive(s) not mapped
Compressed class space mapped at: 0x0000000100000000-0x0000000140000000, reserved size: 1073741824
Narrow klass base: 0x0000000000000000, Narrow klass shift: 3, Narrow klass range: 0x140000000

GC Precious Log:
 CPUs: 8 total, 8 available
 Memory: 3889M
 Large Page Support: Disabled
 NUMA Support: Disabled
 Compressed Oops: Enabled (32-bit)
 Heap Region Size: 1M
 Heap Min Capacity: 8M
 Heap Initial Capacity: 62M
 Heap Max Capacity: 974M
 Pre-touch: Disabled
 Parallel Workers: 8
 Concurrent Workers: 2
 Concurrent Refinement Workers: 8
 Periodic GC: Disabled

Heap:
 garbage-first heap   total 63488K, used 11264K [0x00000000c3200000, 0x0000000100000000)
  region size 1024K, 12 young (12288K), 0 survivors (0K)
 Metaspace       used 13931K, committed 14080K, reserved 1114112K
  class space    used 1327K, committed 1408K, reserved 1048576K

Heap Regions: E=young(eden), S=young(survivor), O=old, HS=humongous(starts), HC=humongous(continues), CS=collection set, F=free, OA=open archive, CA=closed archive, TAMS=top-at-mark-start (previous, next)
|   0|0x00000000c3200000, 0x00000000c3200000, 0x00000000c3300000|  0%| F|  |TAMS 0x00000000c3200000, 0x00000000c3200000| Untracked 
|   1|0x00000000c3300000, 0x00000000c3300000, 0x00000000c3400000|  0%| F|  |TAMS 0x00000000c3300000, 0x00000000c3300000| Untracked 
|   2|0x00000000c3400000, 0x00000000c3400000, 0x00000000c3500000|  0%| F|  |TAMS 0x00000000c3400000, 0x00000000c3400000| Untracked 
|   3|0x00000000c3500000, 0x00000000c3500000, 0x00000000c3600000|  0%| F|  |TAMS 0x00000000c3500000, 0x00000000c3500000| Untracked 
|   4|0x00000000c3600000, 0x00000000c3600000, 0x00000000c3700000|  0%| F|  |TAMS 0x00000000c3600000, 0x00000000c3600000| Untracked 
|   5|0x00000000c3700000, 0x00000000c3700000, 0x00000000c3800000|  0%| F|  |TAMS 0x00000000c3700000, 0x00000000c3700000| Untracked 
|   6|0x00000000c3800000, 0x00000000c3800000, 0x00000000c3900000|  0%| F|  |TAMS 0x00000000c3800000, 0x00000000c3800000| Untracked 
|   7|0x00000000c3900000, 0x00000000c3900000, 0x00000000c3a00000|  0%| F|  |TAMS 0x00000000c3900000, 0x00000000c3900000| Untracked 
|   8|0x00000000c3a00000, 0x00000000c3a00000, 0x00000000c3b00000|  0%| F|  |TAMS 0x00000000c3a00000, 0x00000000c3a00000| Untracked 
|   9|0x00000000c3b00000, 0x00000000c3b00000, 0x00000000c3c00000|  0%| F|  |TAMS 0x00000000c3b00000, 0x00000000c3b00000| Untracked 
|  10|0x00000000c3c00000, 0x00000000c3c00000, 0x00000000c3d00000|  0%| F|  |TAMS 0x00000000c3c00000, 0x00000000c3c00000| Untracked 
|  11|0x00000000c3d00000, 0x00000000c3d00000, 0x00000000c3e00000|  0%| F|  |TAMS 0x00000000c3d00000, 0x00000000c3d00000| Untracked 
|  12|0x00000000c3e00000, 0x00000000c3e00000, 0x00000000c3f00000|  0%| F|  |TAMS 0x00000000c3e00000, 0x00000000c3e00000| Untracked 
|  13|0x00000000c3f00000, 0x00000000c3f00000, 0x00000000c4000000|  0%| F|  |TAMS 0x00000000c3f00000, 0x00000000c3f00000| Untracked 
|  14|0x00000000c4000000, 0x00000000c4000000, 0x00000000c4100000|  0%| F|  |TAMS 0x00000000c4000000, 0x00000000c4000000| Untracked 
|  15|0x00000000c4100000, 0x00000000c4100000, 0x00000000c4200000|  0%| F|  |TAMS 0x00000000c4100000, 0x00000000c4100000| Untracked 
|  16|0x00000000c4200000, 0x00000000c4200000, 0x00000000c4300000|  0%| F|  |TAMS 0x00000000c4200000, 0x00000000c4200000| Untracked 
|  17|0x00000000c4300000, 0x00000000c4300000, 0x00000000c4400000|  0%| F|  |TAMS 0x00000000c4300000, 0x00000000c4300000| Untracked 
|  18|0x00000000c4400000, 0x00000000c4400000, 0x00000000c4500000|  0%| F|  |TAMS 0x00000000c4400000, 0x00000000c4400000| Untracked 
|  19|0x00000000c4500000, 0x00000000c4500000, 0x00000000c4600000|  0%| F|  |TAMS 0x00000000c4500000, 0x00000000c4500000| Untracked 
|  20|0x00000000c4600000, 0x00000000c4600000, 0x00000000c4700000|  0%| F|  |TAMS 0x00000000c4600000, 0x00000000c4600000| Untracked 
|  21|0x00000000c4700000, 0x00000000c4700000, 0x00000000c4800000|  0%| F|  |TAMS 0x00000000c4700000, 0x00000000c4700000| Untracked 
|  22|0x00000000c4800000, 0x00000000c4800000, 0x00000000c4900000|  0%| F|  |TAMS 0x00000000c4800000, 0x00000000c4800000| Untracked 
|  23|0x00000000c4900000, 0x00000000c4900000, 0x00000000c4a00000|  0%| F|  |TAMS 0x00000000c4900000, 0x00000000c4900000| Untracked 
|  24|0x00000000c4a00000, 0x00000000c4a00000, 0x00000000c4b00000|  0%| F|  |TAMS 0x00000000c4a00000, 0x00000000c4a00000| Untracked 
|  25|0x00000000c4b00000, 0x00000000c4b00000, 0x00000000c4c00000|  0%| F|  |TAMS 0x00000000c4b00000, 0x00000000c4b00000| Untracked 
|  26|0x00000000c4c00000, 0x00000000c4c00000, 0x00000000c4d00000|  0%| F|  |TAMS 0x00000000c4c00000, 0x00000000c4c00000| Untracked 
|  27|0x00000000c4d00000, 0x00000000c4d00000, 0x00000000c4e00000|  0%| F|  |TAMS 0x00000000c4d00000, 0x00000000c4d00000| Untracked 
|  28|0x00000000c4e00000, 0x00000000c4e00000, 0x00000000c4f00000|  0%| F|  |TAMS 0x00000000c4e00000, 0x00000000c4e00000| Untracked 
|  29|0x00000000c4f00000, 0x00000000c4f00000, 0x00000000c5000000|  0%| F|  |TAMS 0x00000000c4f00000, 0x00000000c4f00000| Untracked 
|  30|0x00000000c5000000, 0x00000000c5000000, 0x00000000c5100000|  0%| F|  |TAMS 0x00000000c5000000, 0x00000000c5000000| Untracked 
|  31|0x00000000c5100000, 0x00000000c5100000, 0x00000000c5200000|  0%| F|  |TAMS 0x00000000c5100000, 0x00000000c5100000| Untracked 
|  32|0x00000000c5200000, 0x00000000c5200000, 0x00000000c5300000|  0%| F|  |TAMS 0x00000000c5200000, 0x00000000c5200000| Untracked 
|  33|0x00000000c5300000, 0x00000000c5300000, 0x00000000c5400000|  0%| F|  |TAMS 0x00000000c5300000, 0x00000000c5300000| Untracked 
|  34|0x00000000c5400000, 0x00000000c5400000, 0x00000000c5500000|  0%| F|  |TAMS 0x00000000c5400000, 0x00000000c5400000| Untracked 
|  35|0x00000000c5500000, 0x00000000c5500000, 0x00000000c5600000|  0%| F|  |TAMS 0x00000000c5500000, 0x00000000c5500000| Untracked 
|  36|0x00000000c5600000, 0x00000000c5600000, 0x00000000c5700000|  0%| F|  |TAMS 0x00000000c5600000, 0x00000000c5600000| Untracked 
|  37|0x00000000c5700000, 0x00000000c5700000, 0x00000000c5800000|  0%| F|  |TAMS 0x00000000c5700000, 0x00000000c5700000| Untracked 
|  38|0x00000000c5800000, 0x00000000c5800000, 0x00000000c5900000|  0%| F|  |TAMS 0x00000000c5800000, 0x00000000c5800000| Untracked 
|  39|0x00000000c5900000, 0x00000000c5900000, 0x00000000c5a00000|  0%| F|  |TAMS 0x00000000c5900000, 0x00000000c5900000| Untracked 
|  40|0x00000000c5a00000, 0x00000000c5a00000, 0x00000000c5b00000|  0%| F|  |TAMS 0x00000000c5a00000, 0x00000000c5a00000| Untracked 
|  41|0x00000000c5b00000, 0x00000000c5b00000, 0x00000000c5c00000|  0%| F|  |TAMS 0x00000000c5b00000, 0x00000000c5b00000| Untracked 
|  42|0x00000000c5c00000, 0x00000000c5c00000, 0x00000000c5d00000|  0%| F|  |TAMS 0x00000000c5c00000, 0x00000000c5c00000| Untracked 
|  43|0x00000000c5d00000, 0x00000000c5d00000, 0x00000000c5e00000|  0%| F|  |TAMS 0x00000000c5d00000, 0x00000000c5d00000| Untracked 
|  44|0x00000000c5e00000, 0x00000000c5e00000, 0x00000000c5f00000|  0%| F|  |TAMS 0x00000000c5e00000, 0x00000000c5e00000| Untracked 
|  45|0x00000000c5f00000, 0x00000000c5f00000, 0x00000000c6000000|  0%| F|  |TAMS 0x00000000c5f00000, 0x00000000c5f00000| Untracked 
|  46|0x00000000c6000000, 0x00000000c6000000, 0x00000000c6100000|  0%| F|  |TAMS 0x00000000c6000000, 0x00000000c6000000| Untracked 
|  47|0x00000000c6100000, 0x00000000c6100000, 0x00000000c6200000|  0%| F|  |TAMS 0x00000000c6100000, 0x00000000c6100000| Untracked 
|  48|0x00000000c6200000, 0x00000000c6200000, 0x00000000c6300000|  0%| F|  |TAMS 0x00000000c6200000, 0x00000000c6200000| Untracked 
|  49|0x00000000c6300000, 0x00000000c6300000, 0x00000000c6400000|  0%| F|  |TAMS 0x00000000c6300000, 0x00000000c6300000| Untracked 
|  50|0x00000000c6400000, 0x00000000c6476440, 0x00000000c6500000| 46%| E|  |TAMS 0x00000000c6400000, 0x00000000c6400000| Complete 
|  51|0x00000000c6500000, 0x00000000c6600000, 0x00000000c6600000|100%| E|CS|TAMS 0x00000000c6500000, 0x00000000c6500000| Complete 
|  52|0x00000000c6600000, 0x00000000c6700000, 0x00000000c6700000|100%| E|CS|TAMS 0x00000000c6600000, 0x00000000c6600000| Complete 
|  53|0x00000000c6700000, 0x00000000c6800000, 0x00000000c6800000|100%| E|CS|TAMS 0x00000000c6700000, 0x00000000c6700000| Complete 
|  54|0x00000000c6800000, 0x00000000c6900000, 0x00000000c6900000|100%| E|CS|TAMS 0x00000000c6800000, 0x00000000c6800000| Complete 
|  55|0x00000000c6900000, 0x00000000c6a00000, 0x00000000c6a00000|100%| E|CS|TAMS 0x00000000c6900000, 0x00000000c6900000| Complete 
|  56|0x00000000c6a00000, 0x00000000c6b00000, 0x00000000c6b00000|100%| E|CS|TAMS 0x00000000c6a00000, 0x00000000c6a00000| Complete 
|  57|0x00000000c6b00000, 0x00000000c6c00000, 0x00000000c6c00000|100%| E|CS|TAMS 0x00000000c6b00000, 0x00000000c6b00000| Complete 
|  58|0x00000000c6c00000, 0x00000000c6d00000, 0x00000000c6d00000|100%| E|CS|TAMS 0x00000000c6c00000, 0x00000000c6c00000| Complete 
|  59|0x00000000c6d00000, 0x00000000c6e00000, 0x00000000c6e00000|100%| E|CS|TAMS 0x00000000c6d00000, 0x00000000c6d00000| Complete 
|  60|0x00000000c6e00000, 0x00000000c6f00000, 0x00000000c6f00000|100%| E|CS|TAMS 0x00000000c6e00000, 0x00000000c6e00000| Complete 
|  61|0x00000000c6f00000, 0x00000000c7000000, 0x00000000c7000000|100%| E|CS|TAMS 0x00000000c6f00000, 0x00000000c6f00000| Complete 

Card table byte_map: [0x000001a3a70c0000,0x000001a3a72b0000] _byte_map_base: 0x000001a3a6aa7000

Marking Bits (Prev, Next): (CMBitMap*) 0x000001a392607e60, (CMBitMap*) 0x000001a392607ea0
 Prev Bits: [0x000001a3a74a0000, 0x000001a3a83d8000)
 Next Bits: [0x000001a3a83e0000, 0x000001a3a9318000)

Polling page: 0x000001a392680000

Metaspace:

Usage:
  Non-class:     12.31 MB used.
      Class:      1.30 MB used.
       Both:     13.60 MB used.

Virtual space:
  Non-class space:       64.00 MB reserved,      12.38 MB ( 19%) committed,  1 nodes.
      Class space:        1.00 GB reserved,       1.38 MB ( <1%) committed,  1 nodes.
             Both:        1.06 GB reserved,      13.75 MB (  1%) committed. 

Chunk freelists:
   Non-Class:  2.97 MB
       Class:  14.62 MB
        Both:  17.59 MB

MaxMetaspaceSize: unlimited
CompressedClassSpaceSize: 1.00 GB
Initial GC threshold: 21.00 MB
Current GC threshold: 21.00 MB
CDS: off
MetaspaceReclaimPolicy: balanced
 - commit_granule_bytes: 65536.
 - commit_granule_words: 8192.
 - virtual_space_node_default_size: 8388608.
 - enlarge_chunks_in_place: 1.
 - new_chunks_are_fully_committed: 0.
 - uncommit_free_chunks: 1.
 - use_allocation_guard: 0.
 - handle_deallocations: 1.


Internal statistics:

num_allocs_failed_limit: 0.
num_arena_births: 68.
num_arena_deaths: 0.
num_vsnodes_births: 2.
num_vsnodes_deaths: 0.
num_space_committed: 220.
num_space_uncommitted: 0.
num_chunks_returned_to_freelist: 0.
num_chunks_taken_from_freelist: 155.
num_chunk_merges: 0.
num_chunk_splits: 82.
num_chunks_enlarged: 47.
num_inconsistent_stats: 0.

CodeHeap 'non-profiled nmethods': size=120000Kb used=288Kb max_used=288Kb free=119711Kb
 bounds [0x000001a39ef40000, 0x000001a39f1b0000, 0x000001a3a6470000]
CodeHeap 'profiled nmethods': size=120000Kb used=1692Kb max_used=1692Kb free=118307Kb
 bounds [0x000001a397470000, 0x000001a3976e0000, 0x000001a39e9a0000]
CodeHeap 'non-nmethods': size=5760Kb used=1162Kb max_used=1183Kb free=4597Kb
 bounds [0x000001a39e9a0000, 0x000001a39ec10000, 0x000001a39ef40000]
 total_blobs=1396 nmethods=941 adapters=368
 compilation: enabled
              stopped_count=0, restarted_count=0
 full_count=0

Compilation events (20 events):
Event: 1.001 Thread 0x000001a3b000daa0 nmethod 929 0x000001a397610f90 code [0x000001a397611180, 0x000001a3976117c8]
Event: 1.001 Thread 0x000001a3b000daa0  930   !   3       sun.nio.fs.WindowsDirectoryStream$WindowsDirectoryIterator::acceptEntry (71 bytes)
Event: 1.002 Thread 0x000001a3b000daa0 nmethod 930 0x000001a397611a90 code [0x000001a397611ce0, 0x000001a3976124e8]
Event: 1.020 Thread 0x000001a3b000daa0  931       3       sun.nio.fs.WindowsPathParser::parseNormalizedPath (6 bytes)
Event: 1.020 Thread 0x000001a3b000daa0 nmethod 931 0x000001a397612910 code [0x000001a397612aa0, 0x000001a397612bc8]
Event: 1.020 Thread 0x000001a3b000daa0  936   !   3       sun.nio.fs.WindowsPath::createFromNormalizedPath (65 bytes)
Event: 1.020 Thread 0x000001a3b000daa0 nmethod 936 0x000001a397612c90 code [0x000001a397612ec0, 0x000001a3976135d8]
Event: 1.020 Thread 0x000001a3b000daa0  932       3       sun.nio.fs.WindowsPath$WindowsPathWithAttributes::<init> (23 bytes)
Event: 1.021 Thread 0x000001a3b000daa0 nmethod 932 0x000001a397613910 code [0x000001a397613b00, 0x000001a397614158]
Event: 1.021 Thread 0x000001a3b000daa0  933       3       sun.nio.fs.WindowsDirectoryStream$WindowsDirectoryIterator::next (5 bytes)
Event: 1.021 Thread 0x000001a3b000daa0 nmethod 933 0x000001a397614310 code [0x000001a3976144a0, 0x000001a3976145e8]
Event: 1.021 Thread 0x000001a3b000daa0  934  s    3       sun.nio.fs.WindowsDirectoryStream$WindowsDirectoryIterator::next (48 bytes)
Event: 1.021 Thread 0x000001a3b000daa0 nmethod 934 0x000001a397614690 code [0x000001a397614860, 0x000001a397614bb8]
Event: 1.021 Thread 0x000001a3b000daa0  935       3       sun.nio.fs.WindowsPath::getFileName (87 bytes)
Event: 1.021 Thread 0x000001a3b000daa0 nmethod 935 0x000001a397614c90 code [0x000001a397614f40, 0x000001a397615dc8]
Event: 1.053 Thread 0x000001a3b00050a0  937       4       jdk.internal.misc.Unsafe::getIntUnaligned (12 bytes)
Event: 1.054 Thread 0x000001a3b00050a0 nmethod 937 0x000001a39ef87d10 code [0x000001a39ef87e80, 0x000001a39ef87f18]
Event: 1.060 Thread 0x000001a3b000daa0  938       1       java.util.concurrent.atomic.AtomicLong::get (5 bytes)
Event: 1.060 Thread 0x000001a3b000daa0 nmethod 938 0x000001a39ef88010 code [0x000001a39ef881a0, 0x000001a39ef88278]
Event: 1.063 Thread 0x000001a3b00050a0  939 %     4       sun.security.provider.SHA::implCompress0 @ 27 (506 bytes)

GC Heap History (0 events):
No events

Dll operation events (6 events):
Event: 0.030 Loaded shared library C:\Users\david\.p2\pool\plugins\org.eclipse.justj.openjdk.hotspot.jre.full.win32.x86_64_17.0.8.v20230831-1047\jre\bin\java.dll
Event: 0.203 Loaded shared library C:\Users\david\.p2\pool\plugins\org.eclipse.justj.openjdk.hotspot.jre.full.win32.x86_64_17.0.8.v20230831-1047\jre\bin\net.dll
Event: 0.207 Loaded shared library C:\Users\david\.p2\pool\plugins\org.eclipse.justj.openjdk.hotspot.jre.full.win32.x86_64_17.0.8.v20230831-1047\jre\bin\nio.dll
Event: 0.217 Loaded shared library C:\Users\david\.p2\pool\plugins\org.eclipse.justj.openjdk.hotspot.jre.full.win32.x86_64_17.0.8.v20230831-1047\jre\bin\zip.dll
Event: 0.365 Loaded shared library C:\Users\david\.p2\pool\plugins\org.eclipse.justj.openjdk.hotspot.jre.full.win32.x86_64_17.0.8.v20230831-1047\jre\bin\jimage.dll
Event: 0.474 Loaded shared library C:\Users\david\.p2\pool\plugins\org.eclipse.justj.openjdk.hotspot.jre.full.win32.x86_64_17.0.8.v20230831-1047\jre\bin\verify.dll

Deoptimization events (20 events):
Event: 0.653 Thread 0x000001a3925c8840 Uncommon trap: trap_request=0xffffff45 fr.pc=0x000001a39ef5a674 relative=0x0000000000000074
Event: 0.653 Thread 0x000001a3925c8840 Uncommon trap: reason=unstable_if action=reinterpret pc=0x000001a39ef5a674 method=jdk.internal.misc.Unsafe.convEndian(ZI)I @ 4 c2
Event: 0.653 Thread 0x000001a3925c8840 DEOPT PACKING pc=0x000001a39ef5a674 sp=0x00000063779fbc10
Event: 0.653 Thread 0x000001a3925c8840 DEOPT UNPACKING pc=0x000001a39e9f69a3 sp=0x00000063779fbb40 mode 2
Event: 0.679 Thread 0x000001a3925c8840 Uncommon trap: trap_request=0xffffff45 fr.pc=0x000001a39ef4f5c8 relative=0x0000000000000048
Event: 0.679 Thread 0x000001a3925c8840 Uncommon trap: reason=unstable_if action=reinterpret pc=0x000001a39ef4f5c8 method=java.lang.CharacterData.of(I)Ljava/lang/CharacterData; @ 4 c2
Event: 0.679 Thread 0x000001a3925c8840 DEOPT PACKING pc=0x000001a39ef4f5c8 sp=0x00000063779fc9c0
Event: 0.679 Thread 0x000001a3925c8840 DEOPT UNPACKING pc=0x000001a39e9f69a3 sp=0x00000063779fc960 mode 2
Event: 0.684 Thread 0x000001a3925c8840 Uncommon trap: trap_request=0xffffff45 fr.pc=0x000001a39ef71a8c relative=0x00000000000004ec
Event: 0.684 Thread 0x000001a3925c8840 Uncommon trap: reason=unstable_if action=reinterpret pc=0x000001a39ef71a8c method=java.lang.AbstractStringBuilder.putStringAt(ILjava/lang/String;II)V @ 8 c2
Event: 0.684 Thread 0x000001a3925c8840 DEOPT PACKING pc=0x000001a39ef71a8c sp=0x00000063779fd2b0
Event: 0.684 Thread 0x000001a3925c8840 DEOPT UNPACKING pc=0x000001a39e9f69a3 sp=0x00000063779fd148 mode 2
Event: 0.684 Thread 0x000001a3925c8840 Uncommon trap: trap_request=0xffffff45 fr.pc=0x000001a39ef72700 relative=0x00000000000004e0
Event: 0.684 Thread 0x000001a3925c8840 Uncommon trap: reason=unstable_if action=reinterpret pc=0x000001a39ef72700 method=java.lang.AbstractStringBuilder.putStringAt(ILjava/lang/String;II)V @ 8 c2
Event: 0.684 Thread 0x000001a3925c8840 DEOPT PACKING pc=0x000001a39ef72700 sp=0x00000063779fd250
Event: 0.684 Thread 0x000001a3925c8840 DEOPT UNPACKING pc=0x000001a39e9f69a3 sp=0x00000063779fd140 mode 2
Event: 0.684 Thread 0x000001a3925c8840 Uncommon trap: trap_request=0xffffff45 fr.pc=0x000001a39ef6fcdc relative=0x000000000000005c
Event: 0.684 Thread 0x000001a3925c8840 Uncommon trap: reason=unstable_if action=reinterpret pc=0x000001a39ef6fcdc method=java.lang.AbstractStringBuilder.isLatin1()Z @ 10 c2
Event: 0.684 Thread 0x000001a3925c8840 DEOPT PACKING pc=0x000001a39ef6fcdc sp=0x00000063779fd0e0
Event: 0.684 Thread 0x000001a3925c8840 DEOPT UNPACKING pc=0x000001a39e9f69a3 sp=0x00000063779fd070 mode 2

Classes unloaded (0 events):
No events

Classes redefined (0 events):
No events

Internal exceptions (11 events):
Event: 0.446 Thread 0x000001a3925c8840 Exception <a 'java/lang/NoSuchMethodError'{0x00000000c6bc6fb8}: 'java.lang.Object java.lang.invoke.DirectMethodHandle$Holder.invokeStaticInit(java.lang.Object)'> (0x00000000c6bc6fb8) 
thrown [s\src\hotspot\share\interpreter\linkResolver.cpp, line 759]
Event: 0.459 Thread 0x000001a3925c8840 Exception <a 'java/lang/NoSuchMethodError'{0x00000000c6bd45a0}: 'void java.lang.invoke.DirectMethodHandle$Holder.invokeStatic(java.lang.Object, java.lang.Object)'> (0x00000000c6bd45a0) 
thrown [s\src\hotspot\share\interpreter\linkResolver.cpp, line 759]
Event: 0.566 Thread 0x000001a3925c8840 Exception <a 'java/lang/NoSuchMethodError'{0x00000000c6938f38}: 'java.lang.Object java.lang.invoke.DirectMethodHandle$Holder.invokeInterface(java.lang.Object, java.lang.Object)'> (0x00000000c6938f38) 
thrown [s\src\hotspot\share\interpreter\linkResolver.cpp, line 759]
Event: 0.566 Thread 0x000001a3925c8840 Exception <a 'java/lang/IncompatibleClassChangeError'{0x00000000c693c7d0}: Found class java.lang.Object, but interface was expected> (0x00000000c693c7d0) 
thrown [s\src\hotspot\share\interpreter\linkResolver.cpp, line 826]
Event: 0.589 Thread 0x000001a3925c8840 Exception <a 'java/lang/NoSuchMethodError'{0x00000000c69a25f0}: 'java.lang.Object java.lang.invoke.DirectMethodHandle$Holder.newInvokeSpecial(java.lang.Object, java.lang.Object, java.lang.Object, java.lang.Object, java.lang.Object)'> (0x00000000c69a25f0) 
thrown [s\src\hotspot\share\interpreter\linkResolver.cpp, line 759]
Event: 0.758 Thread 0x000001a3925c8840 Exception <a 'java/lang/NoSuchMethodError'{0x00000000c6609d28}: 'java.lang.Object java.lang.invoke.DirectMethodHandle$Holder.invokeStatic(java.lang.Object, int, java.lang.Object)'> (0x00000000c6609d28) 
thrown [s\src\hotspot\share\interpreter\linkResolver.cpp, line 759]
Event: 0.767 Thread 0x000001a3925c8840 Exception <a 'java/lang/NoSuchMethodError'{0x00000000c6618410}: 'void java.lang.invoke.DirectMethodHandle$Holder.invokeSpecial(java.lang.Object, java.lang.Object, java.lang.Object)'> (0x00000000c6618410) 
thrown [s\src\hotspot\share\interpreter\linkResolver.cpp, line 759]
Event: 0.783 Thread 0x000001a3925c8840 Exception <a 'java/lang/ClassNotFoundException'{0x00000000c6654810}: sun/util/logging/resources/spi/loggingProvider> (0x00000000c6654810) 
thrown [s\src\hotspot\share\classfile\systemDictionary.cpp, line 256]
Event: 0.806 Thread 0x000001a3925c8840 Exception <a 'sun/nio/fs/WindowsException'{0x00000000c6685be0}> (0x00000000c6685be0) 
thrown [s\src\hotspot\share\prims\jni.cpp, line 516]
Event: 0.854 Thread 0x000001a3925c8840 Exception <a 'java/lang/NoSuchMethodError'{0x00000000c6534508}: 'java.lang.Object java.lang.invoke.DirectMethodHandle$Holder.invokeStaticInit(java.lang.Object, int, int, int, int)'> (0x00000000c6534508) 
thrown [s\src\hotspot\share\interpreter\linkResolver.cpp, line 759]
Event: 0.865 Thread 0x000001a3925c8840 Exception <a 'java/lang/NoSuchMethodError'{0x00000000c6549460}: 'void java.lang.invoke.DirectMethodHandle$Holder.invokeStatic(java.lang.Object, java.lang.Object, java.lang.Object)'> (0x00000000c6549460) 
thrown [s\src\hotspot\share\interpreter\linkResolver.cpp, line 759]

VM Operations (10 events):
Event: 0.227 Executing VM operation: HandshakeAllThreads
Event: 0.227 Executing VM operation: HandshakeAllThreads done
Event: 0.307 Executing VM operation: HandshakeAllThreads
Event: 0.307 Executing VM operation: HandshakeAllThreads done
Event: 0.411 Executing VM operation: HandshakeAllThreads
Event: 0.411 Executing VM operation: HandshakeAllThreads done
Event: 0.680 Executing VM operation: HandshakeAllThreads
Event: 0.680 Executing VM operation: HandshakeAllThreads done
Event: 0.846 Executing VM operation: HandshakeAllThreads
Event: 0.846 Executing VM operation: HandshakeAllThreads done

Events (20 events):
Event: 0.881 loading class sun/security/provider/SHA
Event: 0.881 loading class sun/security/provider/SHA done
Event: 0.881 loading class sun/security/provider/SeedGenerator$1
Event: 0.881 loading class sun/security/provider/SeedGenerator$1 done
Event: 0.895 loading class java/net/NetworkInterface$1
Event: 0.895 loading class java/net/NetworkInterface$1 done
Event: 0.914 loading class java/nio/file/Files$AcceptAllFilter
Event: 0.914 loading class java/nio/file/DirectoryStream$Filter
Event: 0.915 loading class java/nio/file/DirectoryStream$Filter done
Event: 0.915 loading class java/nio/file/Files$AcceptAllFilter done
Event: 0.915 loading class sun/nio/fs/WindowsDirectoryStream
Event: 0.915 loading class java/nio/file/DirectoryStream
Event: 0.915 loading class java/nio/file/DirectoryStream done
Event: 0.915 loading class sun/nio/fs/WindowsDirectoryStream done
Event: 0.916 loading class sun/nio/fs/WindowsDirectoryStream$WindowsDirectoryIterator
Event: 0.916 loading class sun/nio/fs/WindowsDirectoryStream$WindowsDirectoryIterator done
Event: 0.930 loading class sun/nio/fs/WindowsPath$WindowsPathWithAttributes
Event: 0.930 loading class sun/nio/fs/BasicFileAttributesHolder
Event: 0.930 loading class sun/nio/fs/BasicFileAttributesHolder done
Event: 0.930 loading class sun/nio/fs/WindowsPath$WindowsPathWithAttributes done


Dynamic libraries:
0x00007ff7b3830000 - 0x00007ff7b383e000 	C:\Users\david\.p2\pool\plugins\org.eclipse.justj.openjdk.hotspot.jre.full.win32.x86_64_17.0.8.v20230831-1047\jre\bin\javaw.exe
0x00007ff8b9670000 - 0x00007ff8b9887000 	C:\WINDOWS\SYSTEM32\ntdll.dll
0x00007ff8b8bb0000 - 0x00007ff8b8c74000 	C:\WINDOWS\System32\KERNEL32.DLL
0x00007ff8b69e0000 - 0x00007ff8b6d85000 	C:\WINDOWS\System32\KERNELBASE.dll
0x00007ff8b6dc0000 - 0x00007ff8b6ed1000 	C:\WINDOWS\System32\ucrtbase.dll
0x00007ff8b1d70000 - 0x00007ff8b1d87000 	C:\Users\david\.p2\pool\plugins\org.eclipse.justj.openjdk.hotspot.jre.full.win32.x86_64_17.0.8.v20230831-1047\jre\bin\jli.dll
0x00007ff89dca0000 - 0x00007ff89dcb9000 	C:\Users\david\.p2\pool\plugins\org.eclipse.justj.openjdk.hotspot.jre.full.win32.x86_64_17.0.8.v20230831-1047\jre\bin\VCRUNTIME140.dll
0x00007ff8b7680000 - 0x00007ff8b782e000 	C:\WINDOWS\System32\USER32.dll
0x00007ff8b6d90000 - 0x00007ff8b6db6000 	C:\WINDOWS\System32\win32u.dll
0x00007ff89ca50000 - 0x00007ff89cce3000 	C:\WINDOWS\WinSxS\amd64_microsoft.windows.common-controls_6595b64144ccf1df_6.0.22621.2506_none_270c5ae97388e100\COMCTL32.dll
0x00007ff8b7b10000 - 0x00007ff8b7b39000 	C:\WINDOWS\System32\GDI32.dll
0x00007ff8b7230000 - 0x00007ff8b7349000 	C:\WINDOWS\System32\gdi32full.dll
0x00007ff8b73c0000 - 0x00007ff8b7467000 	C:\WINDOWS\System32\msvcrt.dll
0x00007ff8b7110000 - 0x00007ff8b71aa000 	C:\WINDOWS\System32\msvcp_win.dll
0x00007ff8b8e30000 - 0x00007ff8b8e61000 	C:\WINDOWS\System32\IMM32.DLL
0x00007ff8b1dd0000 - 0x00007ff8b1ddc000 	C:\Users\david\.p2\pool\plugins\org.eclipse.justj.openjdk.hotspot.jre.full.win32.x86_64_17.0.8.v20230831-1047\jre\bin\vcruntime140_1.dll
0x00007ff876600000 - 0x00007ff876691000 	C:\Users\david\.p2\pool\plugins\org.eclipse.justj.openjdk.hotspot.jre.full.win32.x86_64_17.0.8.v20230831-1047\jre\bin\msvcp140.dll
0x00007ff840bf0000 - 0x00007ff84183c000 	C:\Users\david\.p2\pool\plugins\org.eclipse.justj.openjdk.hotspot.jre.full.win32.x86_64_17.0.8.v20230831-1047\jre\bin\server\jvm.dll
0x00007ff8b7470000 - 0x00007ff8b7521000 	C:\WINDOWS\System32\ADVAPI32.dll
0x00007ff8b7bc0000 - 0x00007ff8b7c66000 	C:\WINDOWS\System32\sechost.dll
0x00007ff8b8c80000 - 0x00007ff8b8d97000 	C:\WINDOWS\System32\RPCRT4.dll
0x00007ff8b5830000 - 0x00007ff8b587d000 	C:\WINDOWS\SYSTEM32\POWRPROF.dll
0x00007ff8ad3c0000 - 0x00007ff8ad3c9000 	C:\WINDOWS\SYSTEM32\WSOCK32.dll
0x00007ff8ad1f0000 - 0x00007ff8ad224000 	C:\WINDOWS\SYSTEM32\WINMM.dll
0x00007ff8b7c70000 - 0x00007ff8b7ce1000 	C:\WINDOWS\System32\WS2_32.dll
0x00007ff8ab7e0000 - 0x00007ff8ab7ea000 	C:\WINDOWS\SYSTEM32\VERSION.dll
0x00007ff8b5810000 - 0x00007ff8b5823000 	C:\WINDOWS\SYSTEM32\UMPDC.dll
0x00007ff8b5ad0000 - 0x00007ff8b5ae8000 	C:\WINDOWS\SYSTEM32\kernel.appcore.dll
0x00007ff89c810000 - 0x00007ff89c81a000 	C:\Users\david\.p2\pool\plugins\org.eclipse.justj.openjdk.hotspot.jre.full.win32.x86_64_17.0.8.v20230831-1047\jre\bin\jimage.dll
0x00007ff8b3c60000 - 0x00007ff8b3e93000 	C:\WINDOWS\SYSTEM32\DBGHELP.DLL
0x00007ff8b8ed0000 - 0x00007ff8b9259000 	C:\WINDOWS\System32\combase.dll
0x00007ff8b7cf0000 - 0x00007ff8b7dc7000 	C:\WINDOWS\System32\OLEAUT32.dll
0x00007ff8a7350000 - 0x00007ff8a7382000 	C:\WINDOWS\SYSTEM32\dbgcore.DLL
0x00007ff8b71b0000 - 0x00007ff8b722a000 	C:\WINDOWS\System32\bcryptPrimitives.dll
0x00007ff865fa0000 - 0x00007ff865fc5000 	C:\Users\david\.p2\pool\plugins\org.eclipse.justj.openjdk.hotspot.jre.full.win32.x86_64_17.0.8.v20230831-1047\jre\bin\java.dll
0x00007ff876790000 - 0x00007ff8767a8000 	C:\Users\david\.p2\pool\plugins\org.eclipse.justj.openjdk.hotspot.jre.full.win32.x86_64_17.0.8.v20230831-1047\jre\bin\zip.dll
0x00007ff8b8350000 - 0x00007ff8b8ba9000 	C:\WINDOWS\System32\SHELL32.dll
0x00007ff8b4910000 - 0x00007ff8b5204000 	C:\WINDOWS\SYSTEM32\windows.storage.dll
0x00007ff8b47d0000 - 0x00007ff8b490e000 	C:\WINDOWS\SYSTEM32\wintypes.dll
0x00007ff8b9530000 - 0x00007ff8b9623000 	C:\WINDOWS\System32\SHCORE.dll
0x00007ff8b8280000 - 0x00007ff8b82de000 	C:\WINDOWS\System32\shlwapi.dll
0x00007ff8b6910000 - 0x00007ff8b6936000 	C:\WINDOWS\SYSTEM32\profapi.dll
0x00007ff8719c0000 - 0x00007ff8719d9000 	C:\Users\david\.p2\pool\plugins\org.eclipse.justj.openjdk.hotspot.jre.full.win32.x86_64_17.0.8.v20230831-1047\jre\bin\net.dll
0x00007ff8b01e0000 - 0x00007ff8b0317000 	C:\WINDOWS\SYSTEM32\WINHTTP.dll
0x00007ff8b5f50000 - 0x00007ff8b5fb9000 	C:\WINDOWS\system32\mswsock.dll
0x00007ff8717e0000 - 0x00007ff8717f5000 	C:\Users\david\.p2\pool\plugins\org.eclipse.justj.openjdk.hotspot.jre.full.win32.x86_64_17.0.8.v20230831-1047\jre\bin\nio.dll
0x00007ff8b5520000 - 0x00007ff8b554d000 	C:\WINDOWS\SYSTEM32\IPHLPAPI.DLL
0x00007ff8b8250000 - 0x00007ff8b8259000 	C:\WINDOWS\System32\NSI.dll
0x00007ff8b00f0000 - 0x00007ff8b0109000 	C:\WINDOWS\SYSTEM32\dhcpcsvc6.DLL
0x00007ff8b00d0000 - 0x00007ff8b00ef000 	C:\WINDOWS\SYSTEM32\dhcpcsvc.DLL
0x00007ff8b55a0000 - 0x00007ff8b5699000 	C:\WINDOWS\SYSTEM32\DNSAPI.dll
0x00007ff89d960000 - 0x00007ff89d970000 	C:\Users\david\.p2\pool\plugins\org.eclipse.justj.openjdk.hotspot.jre.full.win32.x86_64_17.0.8.v20230831-1047\jre\bin\verify.dll
0x00007ff8b61a0000 - 0x00007ff8b61bb000 	C:\WINDOWS\SYSTEM32\CRYPTSP.dll
0x00007ff8b5a30000 - 0x00007ff8b5a65000 	C:\WINDOWS\system32\rsaenh.dll
0x00007ff8b6040000 - 0x00007ff8b606c000 	C:\WINDOWS\SYSTEM32\USERENV.dll
0x00007ff8b6370000 - 0x00007ff8b6398000 	C:\WINDOWS\SYSTEM32\bcrypt.dll
0x00007ff8b61c0000 - 0x00007ff8b61cc000 	C:\WINDOWS\SYSTEM32\CRYPTBASE.dll

dbghelp: loaded successfully - version: 4.0.5 - missing functions: none
symbol engine: initialized successfully - sym options: 0x614 - pdb path: .;C:\Users\david\.p2\pool\plugins\org.eclipse.justj.openjdk.hotspot.jre.full.win32.x86_64_17.0.8.v20230831-1047\jre\bin;C:\WINDOWS\SYSTEM32;C:\WINDOWS\WinSxS\amd64_microsoft.windows.common-controls_6595b64144ccf1df_6.0.22621.2506_none_270c5ae97388e100;C:\Users\david\.p2\pool\plugins\org.eclipse.justj.openjdk.hotspot.jre.full.win32.x86_64_17.0.8.v20230831-1047\jre\bin\server

VM Arguments:
jvm_args: -ea -Dfile.encoding=UTF-8 -Dstdout.encoding=UTF-8 -Dstderr.encoding=UTF-8 -XX:+ShowCodeDetailsInExceptionMessages 
java_command: org.eclipse.jdt.internal.junit.runner.RemoteTestRunner -version 3 -port 55483 -testLoaderClass org.eclipse.jdt.internal.junit4.runner.JUnit4TestLoader -loaderpluginname org.eclipse.jdt.junit4.runtime -classNames WhiteBox.Controllers.CategoriesControllerTest
java_class_path (initial): C:\Users\david\Downloads\QualityAssurance\FoodAllergyAnalyzer\FoodAnalyzerNewVersion\target\classes;C:\Users\david\.p2\pool\plugins\org.junit_4.13.2.v20230809-1000.jar;C:\Users\david\.p2\pool\plugins\org.hamcrest_2.2.0.jar;C:\Users\david\.p2\pool\plugins\org.hamcrest.core_2.2.0.v20230809-1000.jar;C:\Users\david\.m2\repository\com\fasterxml\jackson\core\jackson-databind\2.13.0\jackson-databind-2.13.0.jar;C:\Users\david\.m2\repository\com\fasterxml\jackson\core\jackson-annotations\2.13.0\jackson-annotations-2.13.0.jar;C:\Users\david\.m2\repository\com\fasterxml\jackson\core\jackson-core\2.13.0\jackson-core-2.13.0.jar;C:\Users\david\.m2\repository\org\mindrot\jbcrypt\0.4\jbcrypt-0.4.jar;C:\Users\david\.m2\repository\org\mongodb\mongodb-driver-sync\4.2.3\mongodb-driver-sync-4.2.3.jar;C:\Users\david\.m2\repository\org\mongodb\bson\4.2.3\bson-4.2.3.jar;C:\Users\david\.m2\repository\org\mongodb\mongodb-driver-core\4.2.3\mongodb-driver-core-4.2.3.jar;C:\Users\david\eclipse\java-2023-09\eclipse\configuration\org.eclipse.osgi\250\0\.cp;C:\Users\david\eclipse\java-2023-09\eclipse\configuration\org.eclipse.osgi\249\0\.cp
Launcher Type: SUN_STANDARD

[Global flags]
     intx CICompilerCount                          = 4                                         {product} {ergonomic}
     uint ConcGCThreads                            = 2                                         {product} {ergonomic}
     uint G1ConcRefinementThreads                  = 8                                         {product} {ergonomic}
   size_t G1HeapRegionSize                         = 1048576                                   {product} {ergonomic}
    uintx GCDrainStackTargetSize                   = 64                                        {product} {ergonomic}
   size_t InitialHeapSize                          = 65011712                                  {product} {ergonomic}
   size_t MarkStackSize                            = 4194304                                   {product} {ergonomic}
   size_t MaxHeapSize                              = 1021313024                                {product} {ergonomic}
   size_t MaxNewSize                               = 612368384                                 {product} {ergonomic}
   size_t MinHeapDeltaBytes                        = 1048576                                   {product} {ergonomic}
   size_t MinHeapSize                              = 8388608                                   {product} {ergonomic}
    uintx NonNMethodCodeHeapSize                   = 5839372                                {pd product} {ergonomic}
    uintx NonProfiledCodeHeapSize                  = 122909434                              {pd product} {ergonomic}
    uintx ProfiledCodeHeapSize                     = 122909434                              {pd product} {ergonomic}
    uintx ReservedCodeCacheSize                    = 251658240                              {pd product} {ergonomic}
     bool SegmentedCodeCache                       = true                                      {product} {ergonomic}
     bool ShowCodeDetailsInExceptionMessages       = true                                   {manageable} {command line}
   size_t SoftMaxHeapSize                          = 1021313024                             {manageable} {ergonomic}
     bool UseCompressedClassPointers               = true                           {product lp64_product} {ergonomic}
     bool UseCompressedOops                        = true                           {product lp64_product} {ergonomic}
     bool UseG1GC                                  = true                                      {product} {ergonomic}
     bool UseLargePagesIndividualAllocation        = false                                  {pd product} {ergonomic}

Logging:
Log output configuration:
 #0: stdout all=warning uptime,level,tags
 #1: stderr all=off uptime,level,tags

Environment Variables:
PATH=C:/Users/david/.p2/pool/plugins/org.eclipse.justj.openjdk.hotspot.jre.full.win32.x86_64_17.0.8.v20230831-1047/jre/bin/server;C:/Users/david/.p2/pool/plugins/org.eclipse.justj.openjdk.hotspot.jre.full.win32.x86_64_17.0.8.v20230831-1047/jre/bin;C:\Windows\system32;C:\Windows;C:\Windows\System32\Wbem;C:\Windows\System32\WindowsPowerShell\v1.0\;C:\Windows\System32\OpenSSH\;C:\Program Files (x86)\NVIDIA Corporation\PhysX\Common;C:\Program Files\NVIDIA Corporation\NVIDIA NvDLISR;C:\WINDOWS\system32;C:\WINDOWS;C:\WINDOWS\System32\Wbem;C:\WINDOWS\System32\WindowsPowerShell\v1.0\;C:\WINDOWS\System32\OpenSSH\;C:\Program Files (x86)\dotnet\;C:\Program Files\Git\cmd;C:\Users\david\AppData\Local\Microsoft\WindowsApps;C:\Users\david\AppData\Local\GitHubDesktop\bin;C:\WINDOWS\System32;
USERNAME=david
OS=Windows_NT
PROCESSOR_IDENTIFIER=Intel64 Family 6 Model 165 Stepping 2, GenuineIntel
TMP=C:\Users\david\AppData\Local\Temp
TEMP=C:\Users\david\AppData\Local\Temp



---------------  S Y S T E M  ---------------

OS:
 Windows 11 , 64 bit Build 22621 (10.0.22621.2506)
OS uptime: 6 days 5:31 hours

CPU: total 8 (initial active 8) (4 cores per cpu, 2 threads per core) family 6 model 165 stepping 2 microcode 0xf8, cx8, cmov, fxsr, ht, mmx, 3dnowpref, sse, sse2, sse3, ssse3, sse4.1, sse4.2, popcnt, lzcnt, tsc, tscinvbit, avx, avx2, aes, erms, clmul, bmi1, bmi2, adx, fma, vzeroupper, clflush, clflushopt
Processor Information for all 8 processors :
  Max Mhz: 2496, Current Mhz: 2496, Mhz Limit: 2496

Memory: 4k page, system-wide physical 3889M (292M free)
TotalPageFile size 15665M (AvailPageFile size 0M)
current process WorkingSet (physical memory assigned to process): 64M, peak: 64M
current process commit charge ("private bytes"): 152M, peak: 152M

vm_info: OpenJDK 64-Bit Server VM (17.0.8.1+1) for windows-amd64 JRE (17.0.8.1+1), built on Aug 23 2023 15:29:17 by "admin" with MS VC++ 16.7 (VS2019)

END.
