#
# There is insufficient memory for the Java Runtime Environment to continue.
# Native memory allocation (mmap) failed to map 65536 bytes for Failed to commit metaspace.
# Possible reasons:
#   The system is out of physical RAM or swap space
#   The process is running with CompressedOops enabled, and the Java Heap may be blocking the growth of the native heap
# Possible solutions:
#   Reduce memory load on the system
#   Increase physical memory or swap space
#   Check if swap backing store is full
#   Decrease Java heap size (-Xmx/-Xms)
#   Decrease number of Java threads
#   Decrease Java thread stack sizes (-Xss)
#   Set larger code cache with -XX:ReservedCodeCacheSize=
#   JVM is running with Unscaled Compressed Oops mode in which the Java heap is
#     placed in the first 4GB address space. The Java Heap base address is the
#     maximum limit for the native heap growth. Please use -XX:HeapBaseMinAddress
#     to set the Java Heap base and to place the Java Heap above 4GB virtual address.
# This output file may be truncated or incomplete.
#
#  Out of Memory Error (virtualSpaceNode.cpp:110), pid=8992, tid=22632
#
# JRE version: OpenJDK Runtime Environment Temurin-17.0.8.1+1 (17.0.8.1+1) (build 17.0.8.1+1)
# Java VM: OpenJDK 64-Bit Server VM Temurin-17.0.8.1+1 (17.0.8.1+1, mixed mode, tiered, compressed oops, compressed class ptrs, g1 gc, windows-amd64)
# No core dump will be written. Minidumps are not enabled by default on client versions of Windows
#

---------------  S U M M A R Y ------------

Command Line: -Dfile.encoding=UTF-8 -Dstdout.encoding=UTF-8 -Dstderr.encoding=UTF-8 -XX:+ShowCodeDetailsInExceptionMessages main.java.Main

Host: Intel(R) Core(TM) i5-10300H CPU @ 2.50GHz, 8 cores, 3G,  Windows 11 , 64 bit Build 22621 (10.0.22621.2506)
Time: Sun Nov 26 23:22:29 2023 GMT elapsed time: 8.115291 seconds (0d 0h 0m 8s)

---------------  T H R E A D  ---------------

Current thread (0x0000026161966fb0):  JavaThread "main" [_thread_in_vm, id=22632, stack(0x00000066c1600000,0x00000066c1700000)]

Stack: [0x00000066c1600000,0x00000066c1700000]
Native frames: (J=compiled Java code, j=interpreted, Vv=VM code, C=native code)
V  [jvm.dll+0x678b0a]
V  [jvm.dll+0x835e84]
V  [jvm.dll+0x83762e]
V  [jvm.dll+0x837c93]
V  [jvm.dll+0x24746f]
V  [jvm.dll+0x831f1b]
V  [jvm.dll+0x61d3c6]
V  [jvm.dll+0x1c1aae]
V  [jvm.dll+0x61fd21]
V  [jvm.dll+0x61dd66]
V  [jvm.dll+0x23ce50]
V  [jvm.dll+0x1ec2ed]
V  [jvm.dll+0x1e1d21]
V  [jvm.dll+0x53fba0]
V  [jvm.dll+0x7b1278]
V  [jvm.dll+0x7b1364]
V  [jvm.dll+0x40ecc5]
V  [jvm.dll+0x414e18]
C  [java.dll+0x17ec]

Java frames: (J=compiled Java code, j=interpreted, Vv=VM code)
j  java.lang.ClassLoader.defineClass1(Ljava/lang/ClassLoader;Ljava/lang/String;[BIILjava/security/ProtectionDomain;Ljava/lang/String;)Ljava/lang/Class;+0 java.base@17.0.8.1
j  java.lang.ClassLoader.defineClass(Ljava/lang/String;[BIILjava/security/ProtectionDomain;)Ljava/lang/Class;+27 java.base@17.0.8.1
j  java.security.SecureClassLoader.defineClass(Ljava/lang/String;[BIILjava/security/CodeSource;)Ljava/lang/Class;+12 java.base@17.0.8.1
j  jdk.internal.loader.BuiltinClassLoader.defineClass(Ljava/lang/String;Ljdk/internal/loader/Resource;)Ljava/lang/Class;+117 java.base@17.0.8.1
j  jdk.internal.loader.BuiltinClassLoader.findClassOnClassPathOrNull(Ljava/lang/String;)Ljava/lang/Class;+37 java.base@17.0.8.1
J 605 c1 jdk.internal.loader.BuiltinClassLoader.loadClassOrNull(Ljava/lang/String;Z)Ljava/lang/Class; java.base@17.0.8.1 (143 bytes) @ 0x000002616510a584 [0x00000261651096c0+0x0000000000000ec4]
J 691 c1 jdk.internal.loader.ClassLoaders$AppClassLoader.loadClass(Ljava/lang/String;Z)Ljava/lang/Class; java.base@17.0.8.1 (40 bytes) @ 0x0000026165138974 [0x0000026165138360+0x0000000000000614]
J 627 c1 java.lang.ClassLoader.loadClass(Ljava/lang/String;)Ljava/lang/Class; java.base@17.0.8.1 (7 bytes) @ 0x0000026165115abc [0x00000261651159c0+0x00000000000000fc]
v  ~StubRoutines::call_stub
j  java.lang.ClassLoader.defineClass1(Ljava/lang/ClassLoader;Ljava/lang/String;[BIILjava/security/ProtectionDomain;Ljava/lang/String;)Ljava/lang/Class;+0 java.base@17.0.8.1
j  java.lang.ClassLoader.defineClass(Ljava/lang/String;[BIILjava/security/ProtectionDomain;)Ljava/lang/Class;+27 java.base@17.0.8.1
j  java.security.SecureClassLoader.defineClass(Ljava/lang/String;[BIILjava/security/CodeSource;)Ljava/lang/Class;+12 java.base@17.0.8.1
j  jdk.internal.loader.BuiltinClassLoader.defineClass(Ljava/lang/String;Ljdk/internal/loader/Resource;)Ljava/lang/Class;+117 java.base@17.0.8.1
j  jdk.internal.loader.BuiltinClassLoader.findClassOnClassPathOrNull(Ljava/lang/String;)Ljava/lang/Class;+37 java.base@17.0.8.1
J 605 c1 jdk.internal.loader.BuiltinClassLoader.loadClassOrNull(Ljava/lang/String;Z)Ljava/lang/Class; java.base@17.0.8.1 (143 bytes) @ 0x000002616510a584 [0x00000261651096c0+0x0000000000000ec4]
J 691 c1 jdk.internal.loader.ClassLoaders$AppClassLoader.loadClass(Ljava/lang/String;Z)Ljava/lang/Class; java.base@17.0.8.1 (40 bytes) @ 0x0000026165138974 [0x0000026165138360+0x0000000000000614]
J 627 c1 java.lang.ClassLoader.loadClass(Ljava/lang/String;)Ljava/lang/Class; java.base@17.0.8.1 (7 bytes) @ 0x0000026165115abc [0x00000261651159c0+0x00000000000000fc]
v  ~StubRoutines::call_stub
j  com.mongodb.internal.connection.DefaultClusterFactory.createCluster(Lcom/mongodb/connection/ClusterSettings;Lcom/mongodb/connection/ServerSettings;Lcom/mongodb/connection/ConnectionPoolSettings;Lcom/mongodb/connection/StreamFactory;Lcom/mongodb/connection/StreamFactory;Lcom/mongodb/MongoCredential;Lcom/mongodb/event/CommandListener;Ljava/lang/String;Lcom/mongodb/MongoDriverInformation;Ljava/util/List;)Lcom/mongodb/internal/connection/Cluster;+116
j  com.mongodb.client.internal.MongoClientImpl.createCluster(Lcom/mongodb/MongoClientSettings;Lcom/mongodb/MongoDriverInformation;)Lcom/mongodb/internal/connection/Cluster;+56
j  com.mongodb.client.internal.MongoClientImpl.<init>(Lcom/mongodb/MongoClientSettings;Lcom/mongodb/MongoDriverInformation;)V+3
j  com.mongodb.client.MongoClients.create(Lcom/mongodb/MongoClientSettings;Lcom/mongodb/MongoDriverInformation;)Lcom/mongodb/client/MongoClient;+29
j  com.mongodb.client.MongoClients.create(Lcom/mongodb/ConnectionString;Lcom/mongodb/MongoDriverInformation;)Lcom/mongodb/client/MongoClient;+11
j  com.mongodb.client.MongoClients.create(Lcom/mongodb/ConnectionString;)Lcom/mongodb/client/MongoClient;+2
j  com.mongodb.client.MongoClients.create(Ljava/lang/String;)Lcom/mongodb/client/MongoClient;+8
j  main.java.repository.UserRepositoryImpl.findUserbyUsername(Ljava/lang/String;)Lorg/bson/Document;+7
j  main.java.controller.UserController.UserLogin(Ljava/lang/String;Ljava/lang/String;)Z+5
j  main.java.Main.UserLogin()V+68
j  main.java.Main.mainMenu()V+44
j  main.java.Main.main([Ljava/lang/String;)V+9
v  ~StubRoutines::call_stub

---------------  P R O C E S S  ---------------

Threads class SMR info:
_java_thread_list=0x00000261796c99c0, length=13, elements={
0x0000026161966fb0, 0x00000261791e4fb0, 0x00000261791e6650, 0x0000026179394840,
0x0000026179397930, 0x0000026179388870, 0x000002617938a380, 0x000002617938d830,
0x00000261793902f0, 0x000002617922f2d0, 0x000002617922f7e0, 0x000002617922de90,
0x0000026179230710
}

Java Threads: ( => current thread )
=>0x0000026161966fb0 JavaThread "main" [_thread_in_vm, id=22632, stack(0x00000066c1600000,0x00000066c1700000)]
  0x00000261791e4fb0 JavaThread "Reference Handler" daemon [_thread_blocked, id=7752, stack(0x00000066c1d00000,0x00000066c1e00000)]
  0x00000261791e6650 JavaThread "Finalizer" daemon [_thread_blocked, id=13320, stack(0x00000066c1e00000,0x00000066c1f00000)]
  0x0000026179394840 JavaThread "Signal Dispatcher" daemon [_thread_blocked, id=16016, stack(0x00000066c1f00000,0x00000066c2000000)]
  0x0000026179397930 JavaThread "Attach Listener" daemon [_thread_blocked, id=19216, stack(0x00000066c2000000,0x00000066c2100000)]
  0x0000026179388870 JavaThread "Service Thread" daemon [_thread_blocked, id=20168, stack(0x00000066c2100000,0x00000066c2200000)]
  0x000002617938a380 JavaThread "Monitor Deflation Thread" daemon [_thread_blocked, id=7844, stack(0x00000066c2200000,0x00000066c2300000)]
  0x000002617938d830 JavaThread "C2 CompilerThread0" daemon [_thread_blocked, id=15376, stack(0x00000066c2300000,0x00000066c2400000)]
  0x00000261793902f0 JavaThread "C1 CompilerThread0" daemon [_thread_blocked, id=21600, stack(0x00000066c2400000,0x00000066c2500000)]
  0x000002617922f2d0 JavaThread "Sweeper thread" daemon [_thread_blocked, id=21752, stack(0x00000066c2500000,0x00000066c2600000)]
  0x000002617922f7e0 JavaThread "Notification Thread" daemon [_thread_blocked, id=9704, stack(0x00000066c2600000,0x00000066c2700000)]
  0x000002617922de90 JavaThread "Common-Cleaner" daemon [_thread_blocked, id=9632, stack(0x00000066c2800000,0x00000066c2900000)]
  0x0000026179230710 JavaThread "Thread-0" daemon [_thread_in_native, id=13440, stack(0x00000066c2900000,0x00000066c2a00000)]

Other Threads:
  0x00000261791e1700 VMThread "VM Thread" [stack: 0x00000066c1c00000,0x00000066c1d00000] [id=22716]
  0x00000261619be670 WatcherThread [stack: 0x00000066c2700000,0x00000066c2800000] [id=12248]
  0x00000261619a1250 GCTaskThread "GC Thread#0" [stack: 0x00000066c1700000,0x00000066c1800000] [id=10312]
  0x00000261619ab310 ConcurrentGCThread "G1 Main Marker" [stack: 0x00000066c1800000,0x00000066c1900000] [id=16368]
  0x00000261619abd20 ConcurrentGCThread "G1 Conc#0" [stack: 0x00000066c1900000,0x00000066c1a00000] [id=20328]
  0x0000026161a00990 ConcurrentGCThread "G1 Refine#0" [stack: 0x00000066c1a00000,0x00000066c1b00000] [id=23132]
  0x0000026161a013c0 ConcurrentGCThread "G1 Service" [stack: 0x00000066c1b00000,0x00000066c1c00000] [id=23276]

Threads with active compile tasks:

VM state: not at safepoint (normal execution)

VM Mutex/Monitor currently owned by a thread:  ([mutex/lock_event])
[0x000002615f82aea0] Metaspace_lock - owner thread: 0x0000026161966fb0

Heap address: 0x00000000c3200000, size: 974 MB, Compressed Oops mode: 32-bit

CDS archive(s) not mapped
Compressed class space mapped at: 0x0000000100000000-0x0000000140000000, reserved size: 1073741824
Narrow klass base: 0x0000000000000000, Narrow klass shift: 3, Narrow klass range: 0x140000000

GC Precious Log:
 CPUs: 8 total, 8 available
 Memory: 3889M
 Large Page Support: Disabled
 NUMA Support: Disabled
 Compressed Oops: Enabled (32-bit)
 Heap Region Size: 1M
 Heap Min Capacity: 8M
 Heap Initial Capacity: 62M
 Heap Max Capacity: 974M
 Pre-touch: Disabled
 Parallel Workers: 8
 Concurrent Workers: 2
 Concurrent Refinement Workers: 8
 Periodic GC: Disabled

Heap:
 garbage-first heap   total 63488K, used 9216K [0x00000000c3200000, 0x0000000100000000)
  region size 1024K, 10 young (10240K), 0 survivors (0K)
 Metaspace       used 12203K, committed 12288K, reserved 1114112K
  class space    used 1162K, committed 1216K, reserved 1048576K

Heap Regions: E=young(eden), S=young(survivor), O=old, HS=humongous(starts), HC=humongous(continues), CS=collection set, F=free, OA=open archive, CA=closed archive, TAMS=top-at-mark-start (previous, next)
|   0|0x00000000c3200000, 0x00000000c3200000, 0x00000000c3300000|  0%| F|  |TAMS 0x00000000c3200000, 0x00000000c3200000| Untracked 
|   1|0x00000000c3300000, 0x00000000c3300000, 0x00000000c3400000|  0%| F|  |TAMS 0x00000000c3300000, 0x00000000c3300000| Untracked 
|   2|0x00000000c3400000, 0x00000000c3400000, 0x00000000c3500000|  0%| F|  |TAMS 0x00000000c3400000, 0x00000000c3400000| Untracked 
|   3|0x00000000c3500000, 0x00000000c3500000, 0x00000000c3600000|  0%| F|  |TAMS 0x00000000c3500000, 0x00000000c3500000| Untracked 
|   4|0x00000000c3600000, 0x00000000c3600000, 0x00000000c3700000|  0%| F|  |TAMS 0x00000000c3600000, 0x00000000c3600000| Untracked 
|   5|0x00000000c3700000, 0x00000000c3700000, 0x00000000c3800000|  0%| F|  |TAMS 0x00000000c3700000, 0x00000000c3700000| Untracked 
|   6|0x00000000c3800000, 0x00000000c3800000, 0x00000000c3900000|  0%| F|  |TAMS 0x00000000c3800000, 0x00000000c3800000| Untracked 
|   7|0x00000000c3900000, 0x00000000c3900000, 0x00000000c3a00000|  0%| F|  |TAMS 0x00000000c3900000, 0x00000000c3900000| Untracked 
|   8|0x00000000c3a00000, 0x00000000c3a00000, 0x00000000c3b00000|  0%| F|  |TAMS 0x00000000c3a00000, 0x00000000c3a00000| Untracked 
|   9|0x00000000c3b00000, 0x00000000c3b00000, 0x00000000c3c00000|  0%| F|  |TAMS 0x00000000c3b00000, 0x00000000c3b00000| Untracked 
|  10|0x00000000c3c00000, 0x00000000c3c00000, 0x00000000c3d00000|  0%| F|  |TAMS 0x00000000c3c00000, 0x00000000c3c00000| Untracked 
|  11|0x00000000c3d00000, 0x00000000c3d00000, 0x00000000c3e00000|  0%| F|  |TAMS 0x00000000c3d00000, 0x00000000c3d00000| Untracked 
|  12|0x00000000c3e00000, 0x00000000c3e00000, 0x00000000c3f00000|  0%| F|  |TAMS 0x00000000c3e00000, 0x00000000c3e00000| Untracked 
|  13|0x00000000c3f00000, 0x00000000c3f00000, 0x00000000c4000000|  0%| F|  |TAMS 0x00000000c3f00000, 0x00000000c3f00000| Untracked 
|  14|0x00000000c4000000, 0x00000000c4000000, 0x00000000c4100000|  0%| F|  |TAMS 0x00000000c4000000, 0x00000000c4000000| Untracked 
|  15|0x00000000c4100000, 0x00000000c4100000, 0x00000000c4200000|  0%| F|  |TAMS 0x00000000c4100000, 0x00000000c4100000| Untracked 
|  16|0x00000000c4200000, 0x00000000c4200000, 0x00000000c4300000|  0%| F|  |TAMS 0x00000000c4200000, 0x00000000c4200000| Untracked 
|  17|0x00000000c4300000, 0x00000000c4300000, 0x00000000c4400000|  0%| F|  |TAMS 0x00000000c4300000, 0x00000000c4300000| Untracked 
|  18|0x00000000c4400000, 0x00000000c4400000, 0x00000000c4500000|  0%| F|  |TAMS 0x00000000c4400000, 0x00000000c4400000| Untracked 
|  19|0x00000000c4500000, 0x00000000c4500000, 0x00000000c4600000|  0%| F|  |TAMS 0x00000000c4500000, 0x00000000c4500000| Untracked 
|  20|0x00000000c4600000, 0x00000000c4600000, 0x00000000c4700000|  0%| F|  |TAMS 0x00000000c4600000, 0x00000000c4600000| Untracked 
|  21|0x00000000c4700000, 0x00000000c4700000, 0x00000000c4800000|  0%| F|  |TAMS 0x00000000c4700000, 0x00000000c4700000| Untracked 
|  22|0x00000000c4800000, 0x00000000c4800000, 0x00000000c4900000|  0%| F|  |TAMS 0x00000000c4800000, 0x00000000c4800000| Untracked 
|  23|0x00000000c4900000, 0x00000000c4900000, 0x00000000c4a00000|  0%| F|  |TAMS 0x00000000c4900000, 0x00000000c4900000| Untracked 
|  24|0x00000000c4a00000, 0x00000000c4a00000, 0x00000000c4b00000|  0%| F|  |TAMS 0x00000000c4a00000, 0x00000000c4a00000| Untracked 
|  25|0x00000000c4b00000, 0x00000000c4b00000, 0x00000000c4c00000|  0%| F|  |TAMS 0x00000000c4b00000, 0x00000000c4b00000| Untracked 
|  26|0x00000000c4c00000, 0x00000000c4c00000, 0x00000000c4d00000|  0%| F|  |TAMS 0x00000000c4c00000, 0x00000000c4c00000| Untracked 
|  27|0x00000000c4d00000, 0x00000000c4d00000, 0x00000000c4e00000|  0%| F|  |TAMS 0x00000000c4d00000, 0x00000000c4d00000| Untracked 
|  28|0x00000000c4e00000, 0x00000000c4e00000, 0x00000000c4f00000|  0%| F|  |TAMS 0x00000000c4e00000, 0x00000000c4e00000| Untracked 
|  29|0x00000000c4f00000, 0x00000000c4f00000, 0x00000000c5000000|  0%| F|  |TAMS 0x00000000c4f00000, 0x00000000c4f00000| Untracked 
|  30|0x00000000c5000000, 0x00000000c5000000, 0x00000000c5100000|  0%| F|  |TAMS 0x00000000c5000000, 0x00000000c5000000| Untracked 
|  31|0x00000000c5100000, 0x00000000c5100000, 0x00000000c5200000|  0%| F|  |TAMS 0x00000000c5100000, 0x00000000c5100000| Untracked 
|  32|0x00000000c5200000, 0x00000000c5200000, 0x00000000c5300000|  0%| F|  |TAMS 0x00000000c5200000, 0x00000000c5200000| Untracked 
|  33|0x00000000c5300000, 0x00000000c5300000, 0x00000000c5400000|  0%| F|  |TAMS 0x00000000c5300000, 0x00000000c5300000| Untracked 
|  34|0x00000000c5400000, 0x00000000c5400000, 0x00000000c5500000|  0%| F|  |TAMS 0x00000000c5400000, 0x00000000c5400000| Untracked 
|  35|0x00000000c5500000, 0x00000000c5500000, 0x00000000c5600000|  0%| F|  |TAMS 0x00000000c5500000, 0x00000000c5500000| Untracked 
|  36|0x00000000c5600000, 0x00000000c5600000, 0x00000000c5700000|  0%| F|  |TAMS 0x00000000c5600000, 0x00000000c5600000| Untracked 
|  37|0x00000000c5700000, 0x00000000c5700000, 0x00000000c5800000|  0%| F|  |TAMS 0x00000000c5700000, 0x00000000c5700000| Untracked 
|  38|0x00000000c5800000, 0x00000000c5800000, 0x00000000c5900000|  0%| F|  |TAMS 0x00000000c5800000, 0x00000000c5800000| Untracked 
|  39|0x00000000c5900000, 0x00000000c5900000, 0x00000000c5a00000|  0%| F|  |TAMS 0x00000000c5900000, 0x00000000c5900000| Untracked 
|  40|0x00000000c5a00000, 0x00000000c5a00000, 0x00000000c5b00000|  0%| F|  |TAMS 0x00000000c5a00000, 0x00000000c5a00000| Untracked 
|  41|0x00000000c5b00000, 0x00000000c5b00000, 0x00000000c5c00000|  0%| F|  |TAMS 0x00000000c5b00000, 0x00000000c5b00000| Untracked 
|  42|0x00000000c5c00000, 0x00000000c5c00000, 0x00000000c5d00000|  0%| F|  |TAMS 0x00000000c5c00000, 0x00000000c5c00000| Untracked 
|  43|0x00000000c5d00000, 0x00000000c5d00000, 0x00000000c5e00000|  0%| F|  |TAMS 0x00000000c5d00000, 0x00000000c5d00000| Untracked 
|  44|0x00000000c5e00000, 0x00000000c5e00000, 0x00000000c5f00000|  0%| F|  |TAMS 0x00000000c5e00000, 0x00000000c5e00000| Untracked 
|  45|0x00000000c5f00000, 0x00000000c5f00000, 0x00000000c6000000|  0%| F|  |TAMS 0x00000000c5f00000, 0x00000000c5f00000| Untracked 
|  46|0x00000000c6000000, 0x00000000c6000000, 0x00000000c6100000|  0%| F|  |TAMS 0x00000000c6000000, 0x00000000c6000000| Untracked 
|  47|0x00000000c6100000, 0x00000000c6100000, 0x00000000c6200000|  0%| F|  |TAMS 0x00000000c6100000, 0x00000000c6100000| Untracked 
|  48|0x00000000c6200000, 0x00000000c6200000, 0x00000000c6300000|  0%| F|  |TAMS 0x00000000c6200000, 0x00000000c6200000| Untracked 
|  49|0x00000000c6300000, 0x00000000c6300000, 0x00000000c6400000|  0%| F|  |TAMS 0x00000000c6300000, 0x00000000c6300000| Untracked 
|  50|0x00000000c6400000, 0x00000000c6400000, 0x00000000c6500000|  0%| F|  |TAMS 0x00000000c6400000, 0x00000000c6400000| Untracked 
|  51|0x00000000c6500000, 0x00000000c6500000, 0x00000000c6600000|  0%| F|  |TAMS 0x00000000c6500000, 0x00000000c6500000| Untracked 
|  52|0x00000000c6600000, 0x00000000c66765c0, 0x00000000c6700000| 46%| E|  |TAMS 0x00000000c6600000, 0x00000000c6600000| Complete 
|  53|0x00000000c6700000, 0x00000000c6800000, 0x00000000c6800000|100%| E|CS|TAMS 0x00000000c6700000, 0x00000000c6700000| Complete 
|  54|0x00000000c6800000, 0x00000000c6900000, 0x00000000c6900000|100%| E|CS|TAMS 0x00000000c6800000, 0x00000000c6800000| Complete 
|  55|0x00000000c6900000, 0x00000000c6a00000, 0x00000000c6a00000|100%| E|CS|TAMS 0x00000000c6900000, 0x00000000c6900000| Complete 
|  56|0x00000000c6a00000, 0x00000000c6b00000, 0x00000000c6b00000|100%| E|CS|TAMS 0x00000000c6a00000, 0x00000000c6a00000| Complete 
|  57|0x00000000c6b00000, 0x00000000c6c00000, 0x00000000c6c00000|100%| E|CS|TAMS 0x00000000c6b00000, 0x00000000c6b00000| Complete 
|  58|0x00000000c6c00000, 0x00000000c6d00000, 0x00000000c6d00000|100%| E|CS|TAMS 0x00000000c6c00000, 0x00000000c6c00000| Complete 
|  59|0x00000000c6d00000, 0x00000000c6e00000, 0x00000000c6e00000|100%| E|CS|TAMS 0x00000000c6d00000, 0x00000000c6d00000| Complete 
|  60|0x00000000c6e00000, 0x00000000c6f00000, 0x00000000c6f00000|100%| E|CS|TAMS 0x00000000c6e00000, 0x00000000c6e00000| Complete 
|  61|0x00000000c6f00000, 0x00000000c7000000, 0x00000000c7000000|100%| E|CS|TAMS 0x00000000c6f00000, 0x00000000c6f00000| Complete 

Card table byte_map: [0x0000026174550000,0x0000026174740000] _byte_map_base: 0x0000026173f37000

Marking Bits (Prev, Next): (CMBitMap*) 0x00000261619a2880, (CMBitMap*) 0x00000261619a28c0
 Prev Bits: [0x0000026174930000, 0x0000026175868000)
 Next Bits: [0x0000026175870000, 0x00000261767a8000)

Polling page: 0x000002615f900000

Metaspace:

Usage:
  Non-class:     10.78 MB used.
      Class:      1.14 MB used.
       Both:     11.92 MB used.

Virtual space:
  Non-class space:       64.00 MB reserved,      10.81 MB ( 17%) committed,  1 nodes.
      Class space:        1.00 GB reserved,       1.19 MB ( <1%) committed,  1 nodes.
             Both:        1.06 GB reserved,      12.00 MB (  1%) committed. 

Chunk freelists:
   Non-Class:  4.42 MB
       Class:  14.62 MB
        Both:  19.05 MB

MaxMetaspaceSize: unlimited
CompressedClassSpaceSize: 1.00 GB
Initial GC threshold: 21.00 MB
Current GC threshold: 21.00 MB
CDS: off
MetaspaceReclaimPolicy: balanced
 - commit_granule_bytes: 65536.
 - commit_granule_words: 8192.
 - virtual_space_node_default_size: 8388608.
 - enlarge_chunks_in_place: 1.
 - new_chunks_are_fully_committed: 0.
 - uncommit_free_chunks: 1.
 - use_allocation_guard: 0.
 - handle_deallocations: 1.


Internal statistics:

num_allocs_failed_limit: 0.
num_arena_births: 64.
num_arena_deaths: 0.
num_vsnodes_births: 2.
num_vsnodes_deaths: 0.
num_space_committed: 192.
num_space_uncommitted: 0.
num_chunks_returned_to_freelist: 0.
num_chunks_taken_from_freelist: 156.
num_chunk_merges: 0.
num_chunk_splits: 91.
num_chunks_enlarged: 55.
num_inconsistent_stats: 0.

CodeHeap 'non-profiled nmethods': size=120000Kb used=220Kb max_used=220Kb free=119779Kb
 bounds [0x000002616caf0000, 0x000002616cd60000, 0x0000026174020000]
CodeHeap 'profiled nmethods': size=120000Kb used=1207Kb max_used=1207Kb free=118792Kb
 bounds [0x0000026165020000, 0x0000026165290000, 0x000002616c550000]
CodeHeap 'non-nmethods': size=5760Kb used=1152Kb max_used=1169Kb free=4607Kb
 bounds [0x000002616c550000, 0x000002616c7c0000, 0x000002616caf0000]
 total_blobs=1149 nmethods=706 adapters=356
 compilation: enabled
              stopped_count=0, restarted_count=0
 full_count=0

Compilation events (20 events):
Event: 8.091 Thread 0x00000261793902f0  695       3       sun.net.www.ParseUtil::encodePath (41 bytes)
Event: 8.091 Thread 0x00000261793902f0 nmethod 695 0x000002616513c310 code [0x000002616513c4e0, 0x000002616513c748]
Event: 8.091 Thread 0x00000261793902f0  696       3       java.net.URLStreamHandler::parseURL (1201 bytes)
Event: 8.103 Thread 0x00000261793902f0 nmethod 696 0x000002616513c810 code [0x000002616513d940, 0x0000026165147ee8]
Event: 8.104 Thread 0x00000261793902f0  697       3       jdk.internal.access.SharedSecrets::javaUtilJarAccess (19 bytes)
Event: 8.104 Thread 0x00000261793902f0 nmethod 697 0x000002616514be10 code [0x000002616514c000, 0x000002616514c3a8]
Event: 8.104 Thread 0x00000261793902f0  699       3       java.lang.Integer::hashCode (8 bytes)
Event: 8.104 Thread 0x00000261793902f0 nmethod 699 0x000002616514c590 code [0x000002616514c720, 0x000002616514c878]
Event: 8.104 Thread 0x00000261793902f0  700       3       java.nio.ByteBuffer::position (8 bytes)
Event: 8.104 Thread 0x00000261793902f0 nmethod 700 0x000002616514c910 code [0x000002616514caa0, 0x000002616514cbe8]
Event: 8.106 Thread 0x00000261793902f0  701   !   3       jdk.internal.ref.PhantomCleanable::remove (60 bytes)
Event: 8.106 Thread 0x00000261793902f0 nmethod 701 0x000002616514cc90 code [0x000002616514ce40, 0x000002616514d258]
Event: 8.106 Thread 0x00000261793902f0  702       3       java.lang.ref.Reference::clear (5 bytes)
Event: 8.106 Thread 0x00000261793902f0 nmethod 702 0x000002616514d410 code [0x000002616514d5a0, 0x000002616514d6e8]
Event: 8.107 Thread 0x00000261793902f0  703       3       java.io.FileSystem::hasBooleanAttributes (17 bytes)
Event: 8.107 Thread 0x00000261793902f0 nmethod 703 0x000002616514d790 code [0x000002616514d940, 0x000002616514dae8]
Event: 8.108 Thread 0x000002617938d830  705       4       java.lang.CharacterDataLatin1::toLowerCase (39 bytes)
Event: 8.108 Thread 0x00000261793902f0  706       3       java.util.jar.JarFile::getManifest (5 bytes)
Event: 8.108 Thread 0x00000261793902f0 nmethod 706 0x000002616514db90 code [0x000002616514dd20, 0x000002616514de68]
Event: 8.108 Thread 0x000002617938d830 nmethod 705 0x000002616cb26f10 code [0x000002616cb27080, 0x000002616cb27178]

GC Heap History (0 events):
No events

Dll operation events (5 events):
Event: 0.019 Loaded shared library C:\Users\david\.p2\pool\plugins\org.eclipse.justj.openjdk.hotspot.jre.full.win32.x86_64_17.0.8.v20230831-1047\jre\bin\java.dll
Event: 0.161 Loaded shared library C:\Users\david\.p2\pool\plugins\org.eclipse.justj.openjdk.hotspot.jre.full.win32.x86_64_17.0.8.v20230831-1047\jre\bin\net.dll
Event: 0.165 Loaded shared library C:\Users\david\.p2\pool\plugins\org.eclipse.justj.openjdk.hotspot.jre.full.win32.x86_64_17.0.8.v20230831-1047\jre\bin\nio.dll
Event: 0.177 Loaded shared library C:\Users\david\.p2\pool\plugins\org.eclipse.justj.openjdk.hotspot.jre.full.win32.x86_64_17.0.8.v20230831-1047\jre\bin\zip.dll
Event: 0.300 Loaded shared library C:\Users\david\.p2\pool\plugins\org.eclipse.justj.openjdk.hotspot.jre.full.win32.x86_64_17.0.8.v20230831-1047\jre\bin\jimage.dll

Deoptimization events (16 events):
Event: 7.963 Thread 0x0000026161966fb0 DEOPT PACKING pc=0x00000261650d64ba sp=0x00000066c16fd300
Event: 7.963 Thread 0x0000026161966fb0 DEOPT UNPACKING pc=0x000002616c5a7143 sp=0x00000066c16fc778 mode 0
Event: 7.987 Thread 0x0000026161966fb0 Uncommon trap: trap_request=0xffffff45 fr.pc=0x000002616cb190f4 relative=0x0000000000000074
Event: 7.987 Thread 0x0000026161966fb0 Uncommon trap: reason=unstable_if action=reinterpret pc=0x000002616cb190f4 method=jdk.internal.misc.Unsafe.convEndian(ZI)I @ 4 c2
Event: 7.987 Thread 0x0000026161966fb0 DEOPT PACKING pc=0x000002616cb190f4 sp=0x00000066c16fd790
Event: 7.987 Thread 0x0000026161966fb0 DEOPT UNPACKING pc=0x000002616c5a69a3 sp=0x00000066c16fd6c0 mode 2
Event: 8.060 Thread 0x0000026161966fb0 DEOPT PACKING pc=0x0000026165068665 sp=0x00000066c16fc580
Event: 8.060 Thread 0x0000026161966fb0 DEOPT UNPACKING pc=0x000002616c5a7143 sp=0x00000066c16fb9d0 mode 0
Event: 8.076 Thread 0x0000026161966fb0 Uncommon trap: trap_request=0xffffffbe fr.pc=0x000002616cb24900 relative=0x00000000000003e0
Event: 8.076 Thread 0x0000026161966fb0 Uncommon trap: reason=profile_predicate action=maybe_recompile pc=0x000002616cb24900 method=java.lang.StringLatin1.indexOf([BI[BII)I @ 18 c2
Event: 8.076 Thread 0x0000026161966fb0 DEOPT PACKING pc=0x000002616cb24900 sp=0x00000066c16fe250
Event: 8.076 Thread 0x0000026161966fb0 DEOPT UNPACKING pc=0x000002616c5a69a3 sp=0x00000066c16fe1b0 mode 2
Event: 8.082 Thread 0x0000026161966fb0 Uncommon trap: trap_request=0xffffffbe fr.pc=0x000002616cb24900 relative=0x00000000000003e0
Event: 8.082 Thread 0x0000026161966fb0 Uncommon trap: reason=profile_predicate action=maybe_recompile pc=0x000002616cb24900 method=java.lang.StringLatin1.indexOf([BI[BII)I @ 18 c2
Event: 8.082 Thread 0x0000026161966fb0 DEOPT PACKING pc=0x000002616cb24900 sp=0x00000066c16fe950
Event: 8.082 Thread 0x0000026161966fb0 DEOPT UNPACKING pc=0x000002616c5a69a3 sp=0x00000066c16fe8b0 mode 2

Classes unloaded (0 events):
No events

Classes redefined (0 events):
No events

Internal exceptions (9 events):
Event: 7.478 Thread 0x0000026161966fb0 Exception <a 'java/lang/NoSuchMethodError'{0x00000000c6ccf0b0}: 'java.lang.Object java.lang.invoke.DirectMethodHandle$Holder.invokeStatic(java.lang.Object, int, java.lang.Object)'> (0x00000000c6ccf0b0) 
thrown [s\src\hotspot\share\interpreter\linkResolver.cpp, line 759]
Event: 7.484 Thread 0x0000026161966fb0 Exception <a 'java/lang/NoSuchMethodError'{0x00000000c6cd6260}: 'java.lang.Object java.lang.invoke.DirectMethodHandle$Holder.invokeStaticInit(java.lang.Object)'> (0x00000000c6cd6260) 
thrown [s\src\hotspot\share\interpreter\linkResolver.cpp, line 759]
Event: 7.492 Thread 0x0000026161966fb0 Exception <a 'java/lang/NoSuchMethodError'{0x00000000c6ce12d8}: 'void java.lang.invoke.DirectMethodHandle$Holder.invokeSpecial(java.lang.Object, java.lang.Object, java.lang.Object)'> (0x00000000c6ce12d8) 
thrown [s\src\hotspot\share\interpreter\linkResolver.cpp, line 759]
Event: 7.515 Thread 0x0000026161966fb0 Exception <a 'java/lang/ClassNotFoundException'{0x00000000c6b20708}: sun/util/logging/resources/spi/loggingProvider> (0x00000000c6b20708) 
thrown [s\src\hotspot\share\classfile\systemDictionary.cpp, line 256]
Event: 7.558 Thread 0x0000026161966fb0 Exception <a 'sun/nio/fs/WindowsException'{0x00000000c6b57e48}> (0x00000000c6b57e48) 
thrown [s\src\hotspot\share\prims\jni.cpp, line 516]
Event: 7.575 Thread 0x0000026161966fb0 Exception <a 'java/lang/NoSuchMethodError'{0x00000000c6b8a890}: 'java.lang.Object java.lang.invoke.DirectMethodHandle$Holder.invokeInterface(java.lang.Object, java.lang.Object)'> (0x00000000c6b8a890) 
thrown [s\src\hotspot\share\interpreter\linkResolver.cpp, line 759]
Event: 7.678 Thread 0x0000026161966fb0 Exception <a 'java/lang/NoSuchMethodError'{0x00000000c6a41878}: 'java.lang.Object java.lang.invoke.DirectMethodHandle$Holder.invokeStaticInit(java.lang.Object, int, int, int, int)'> (0x00000000c6a41878) 
thrown [s\src\hotspot\share\interpreter\linkResolver.cpp, line 759]
Event: 7.722 Thread 0x0000026161966fb0 Exception <a 'java/lang/NoSuchMethodError'{0x00000000c6a60b20}: 'void java.lang.invoke.DirectMethodHandle$Holder.invokeStatic(java.lang.Object, java.lang.Object, java.lang.Object)'> (0x00000000c6a60b20) 
thrown [s\src\hotspot\share\interpreter\linkResolver.cpp, line 759]
Event: 7.984 Thread 0x0000026161966fb0 Exception <a 'java/lang/NoSuchMethodError'{0x00000000c69431a0}: 'java.lang.Object java.lang.invoke.DirectMethodHandle$Holder.invokeStaticInit(java.lang.Object, java.lang.Object, int, int, int, int)'> (0x00000000c69431a0) 
thrown [s\src\hotspot\share\interpreter\linkResolver.cpp, line 759]

VM Operations (10 events):
Event: 0.193 Executing VM operation: HandshakeAllThreads
Event: 0.193 Executing VM operation: HandshakeAllThreads done
Event: 1.193 Executing VM operation: Cleanup
Event: 1.193 Executing VM operation: Cleanup done
Event: 7.635 Executing VM operation: HandshakeAllThreads
Event: 7.635 Executing VM operation: HandshakeAllThreads done
Event: 7.635 Executing VM operation: Cleanup
Event: 7.635 Executing VM operation: Cleanup done
Event: 7.695 Executing VM operation: HandshakeAllThreads
Event: 7.695 Executing VM operation: HandshakeAllThreads done

Events (20 events):
Event: 8.096 loading class java/util/concurrent/Semaphore
Event: 8.096 loading class java/util/concurrent/Semaphore done
Event: 8.096 loading class java/util/concurrent/Semaphore$FairSync
Event: 8.096 loading class java/util/concurrent/Semaphore$Sync
Event: 8.096 loading class java/util/concurrent/Semaphore$Sync done
Event: 8.096 loading class java/util/concurrent/Semaphore$FairSync done
Event: 8.097 loading class java/util/EventListener
Event: 8.097 loading class java/util/EventListener done
Event: 8.101 loading class java/io/InvalidObjectException
Event: 8.101 loading class java/io/InvalidObjectException done
Event: 8.102 loading class sun/util/calendar/CalendarSystem
Event: 8.102 loading class sun/util/calendar/CalendarSystem done
Event: 8.102 loading class sun/util/calendar/CalendarSystem$GregorianHolder
Event: 8.102 loading class sun/util/calendar/CalendarSystem$GregorianHolder done
Event: 8.102 loading class sun/util/calendar/Gregorian
Event: 8.102 loading class sun/util/calendar/BaseCalendar
Event: 8.102 loading class sun/util/calendar/AbstractCalendar
Event: 8.102 loading class sun/util/calendar/AbstractCalendar done
Event: 8.102 loading class sun/util/calendar/BaseCalendar done
Event: 8.102 loading class sun/util/calendar/Gregorian done


Dynamic libraries:
0x00007ff7b3830000 - 0x00007ff7b383e000 	C:\Users\david\.p2\pool\plugins\org.eclipse.justj.openjdk.hotspot.jre.full.win32.x86_64_17.0.8.v20230831-1047\jre\bin\javaw.exe
0x00007ff8b9670000 - 0x00007ff8b9887000 	C:\WINDOWS\SYSTEM32\ntdll.dll
0x00007ff8b8bb0000 - 0x00007ff8b8c74000 	C:\WINDOWS\System32\KERNEL32.DLL
0x00007ff8b69e0000 - 0x00007ff8b6d85000 	C:\WINDOWS\System32\KERNELBASE.dll
0x00007ff8b6dc0000 - 0x00007ff8b6ed1000 	C:\WINDOWS\System32\ucrtbase.dll
0x00007ff89dca0000 - 0x00007ff89dcb9000 	C:\Users\david\.p2\pool\plugins\org.eclipse.justj.openjdk.hotspot.jre.full.win32.x86_64_17.0.8.v20230831-1047\jre\bin\VCRUNTIME140.dll
0x00007ff8b1d70000 - 0x00007ff8b1d87000 	C:\Users\david\.p2\pool\plugins\org.eclipse.justj.openjdk.hotspot.jre.full.win32.x86_64_17.0.8.v20230831-1047\jre\bin\jli.dll
0x00007ff8b7680000 - 0x00007ff8b782e000 	C:\WINDOWS\System32\USER32.dll
0x00007ff89ca50000 - 0x00007ff89cce3000 	C:\WINDOWS\WinSxS\amd64_microsoft.windows.common-controls_6595b64144ccf1df_6.0.22621.2506_none_270c5ae97388e100\COMCTL32.dll
0x00007ff8b73c0000 - 0x00007ff8b7467000 	C:\WINDOWS\System32\msvcrt.dll
0x00007ff8b6d90000 - 0x00007ff8b6db6000 	C:\WINDOWS\System32\win32u.dll
0x00007ff8b7b10000 - 0x00007ff8b7b39000 	C:\WINDOWS\System32\GDI32.dll
0x00007ff8b7230000 - 0x00007ff8b7349000 	C:\WINDOWS\System32\gdi32full.dll
0x00007ff8b7110000 - 0x00007ff8b71aa000 	C:\WINDOWS\System32\msvcp_win.dll
0x00007ff8b8e30000 - 0x00007ff8b8e61000 	C:\WINDOWS\System32\IMM32.DLL
0x00007ff8b1dd0000 - 0x00007ff8b1ddc000 	C:\Users\david\.p2\pool\plugins\org.eclipse.justj.openjdk.hotspot.jre.full.win32.x86_64_17.0.8.v20230831-1047\jre\bin\vcruntime140_1.dll
0x00007ff876600000 - 0x00007ff876691000 	C:\Users\david\.p2\pool\plugins\org.eclipse.justj.openjdk.hotspot.jre.full.win32.x86_64_17.0.8.v20230831-1047\jre\bin\msvcp140.dll
0x00007ff840bf0000 - 0x00007ff84183c000 	C:\Users\david\.p2\pool\plugins\org.eclipse.justj.openjdk.hotspot.jre.full.win32.x86_64_17.0.8.v20230831-1047\jre\bin\server\jvm.dll
0x00007ff8b7470000 - 0x00007ff8b7521000 	C:\WINDOWS\System32\ADVAPI32.dll
0x00007ff8b7bc0000 - 0x00007ff8b7c66000 	C:\WINDOWS\System32\sechost.dll
0x00007ff8b8c80000 - 0x00007ff8b8d97000 	C:\WINDOWS\System32\RPCRT4.dll
0x00007ff8ad1f0000 - 0x00007ff8ad224000 	C:\WINDOWS\SYSTEM32\WINMM.dll
0x00007ff8b5830000 - 0x00007ff8b587d000 	C:\WINDOWS\SYSTEM32\POWRPROF.dll
0x00007ff8ab7e0000 - 0x00007ff8ab7ea000 	C:\WINDOWS\SYSTEM32\VERSION.dll
0x00007ff8ad3c0000 - 0x00007ff8ad3c9000 	C:\WINDOWS\SYSTEM32\WSOCK32.dll
0x00007ff8b7c70000 - 0x00007ff8b7ce1000 	C:\WINDOWS\System32\WS2_32.dll
0x00007ff8b5810000 - 0x00007ff8b5823000 	C:\WINDOWS\SYSTEM32\UMPDC.dll
0x00007ff8b5ad0000 - 0x00007ff8b5ae8000 	C:\WINDOWS\SYSTEM32\kernel.appcore.dll
0x00007ff89c810000 - 0x00007ff89c81a000 	C:\Users\david\.p2\pool\plugins\org.eclipse.justj.openjdk.hotspot.jre.full.win32.x86_64_17.0.8.v20230831-1047\jre\bin\jimage.dll
0x00007ff8b3c60000 - 0x00007ff8b3e93000 	C:\WINDOWS\SYSTEM32\DBGHELP.DLL
0x00007ff8b8ed0000 - 0x00007ff8b9259000 	C:\WINDOWS\System32\combase.dll
0x00007ff8b7cf0000 - 0x00007ff8b7dc7000 	C:\WINDOWS\System32\OLEAUT32.dll
0x00007ff8a7350000 - 0x00007ff8a7382000 	C:\WINDOWS\SYSTEM32\dbgcore.DLL
0x00007ff8b71b0000 - 0x00007ff8b722a000 	C:\WINDOWS\System32\bcryptPrimitives.dll
0x00007ff865fa0000 - 0x00007ff865fc5000 	C:\Users\david\.p2\pool\plugins\org.eclipse.justj.openjdk.hotspot.jre.full.win32.x86_64_17.0.8.v20230831-1047\jre\bin\java.dll
0x00007ff876790000 - 0x00007ff8767a8000 	C:\Users\david\.p2\pool\plugins\org.eclipse.justj.openjdk.hotspot.jre.full.win32.x86_64_17.0.8.v20230831-1047\jre\bin\zip.dll
0x00007ff8b8350000 - 0x00007ff8b8ba9000 	C:\WINDOWS\System32\SHELL32.dll
0x00007ff8b4910000 - 0x00007ff8b5204000 	C:\WINDOWS\SYSTEM32\windows.storage.dll
0x00007ff8b47d0000 - 0x00007ff8b490e000 	C:\WINDOWS\SYSTEM32\wintypes.dll
0x00007ff8b9530000 - 0x00007ff8b9623000 	C:\WINDOWS\System32\SHCORE.dll
0x00007ff8b8280000 - 0x00007ff8b82de000 	C:\WINDOWS\System32\shlwapi.dll
0x00007ff8b6910000 - 0x00007ff8b6936000 	C:\WINDOWS\SYSTEM32\profapi.dll
0x00007ff8719c0000 - 0x00007ff8719d9000 	C:\Users\david\.p2\pool\plugins\org.eclipse.justj.openjdk.hotspot.jre.full.win32.x86_64_17.0.8.v20230831-1047\jre\bin\net.dll
0x00007ff8b01e0000 - 0x00007ff8b0317000 	C:\WINDOWS\SYSTEM32\WINHTTP.dll
0x00007ff8b5f50000 - 0x00007ff8b5fb9000 	C:\WINDOWS\system32\mswsock.dll
0x00007ff8717e0000 - 0x00007ff8717f5000 	C:\Users\david\.p2\pool\plugins\org.eclipse.justj.openjdk.hotspot.jre.full.win32.x86_64_17.0.8.v20230831-1047\jre\bin\nio.dll
0x00007ff8b5520000 - 0x00007ff8b554d000 	C:\WINDOWS\SYSTEM32\IPHLPAPI.DLL
0x00007ff8b8250000 - 0x00007ff8b8259000 	C:\WINDOWS\System32\NSI.dll
0x00007ff8b00f0000 - 0x00007ff8b0109000 	C:\WINDOWS\SYSTEM32\dhcpcsvc6.DLL
0x00007ff8b00d0000 - 0x00007ff8b00ef000 	C:\WINDOWS\SYSTEM32\dhcpcsvc.DLL
0x00007ff8b55a0000 - 0x00007ff8b5699000 	C:\WINDOWS\SYSTEM32\DNSAPI.dll
0x00007ff8b61a0000 - 0x00007ff8b61bb000 	C:\WINDOWS\SYSTEM32\CRYPTSP.dll
0x00007ff8b5a30000 - 0x00007ff8b5a65000 	C:\WINDOWS\system32\rsaenh.dll
0x00007ff8b6040000 - 0x00007ff8b606c000 	C:\WINDOWS\SYSTEM32\USERENV.dll
0x00007ff8b6370000 - 0x00007ff8b6398000 	C:\WINDOWS\SYSTEM32\bcrypt.dll
0x00007ff8b61c0000 - 0x00007ff8b61cc000 	C:\WINDOWS\SYSTEM32\CRYPTBASE.dll

dbghelp: loaded successfully - version: 4.0.5 - missing functions: none
symbol engine: initialized successfully - sym options: 0x614 - pdb path: .;C:\Users\david\.p2\pool\plugins\org.eclipse.justj.openjdk.hotspot.jre.full.win32.x86_64_17.0.8.v20230831-1047\jre\bin;C:\WINDOWS\SYSTEM32;C:\WINDOWS\WinSxS\amd64_microsoft.windows.common-controls_6595b64144ccf1df_6.0.22621.2506_none_270c5ae97388e100;C:\Users\david\.p2\pool\plugins\org.eclipse.justj.openjdk.hotspot.jre.full.win32.x86_64_17.0.8.v20230831-1047\jre\bin\server

VM Arguments:
jvm_args: -Dfile.encoding=UTF-8 -Dstdout.encoding=UTF-8 -Dstderr.encoding=UTF-8 -XX:+ShowCodeDetailsInExceptionMessages 
java_command: main.java.Main
java_class_path (initial): C:\Users\david\Downloads\QualityAssurance\FoodAllergyAnalyzer\FoodAnalyzerNewVersion\target\classes;C:\Users\david\.p2\pool\plugins\org.junit_4.13.2.v20230809-1000.jar;C:\Users\david\.p2\pool\plugins\org.hamcrest_2.2.0.jar;C:\Users\david\.p2\pool\plugins\org.hamcrest.core_2.2.0.v20230809-1000.jar;C:\Users\david\.m2\repository\com\fasterxml\jackson\core\jackson-databind\2.13.0\jackson-databind-2.13.0.jar;C:\Users\david\.m2\repository\com\fasterxml\jackson\core\jackson-annotations\2.13.0\jackson-annotations-2.13.0.jar;C:\Users\david\.m2\repository\com\fasterxml\jackson\core\jackson-core\2.13.0\jackson-core-2.13.0.jar;C:\Users\david\.m2\repository\org\mindrot\jbcrypt\0.4\jbcrypt-0.4.jar;C:\Users\david\.m2\repository\org\mongodb\mongodb-driver-sync\4.2.3\mongodb-driver-sync-4.2.3.jar;C:\Users\david\.m2\repository\org\mongodb\bson\4.2.3\bson-4.2.3.jar;C:\Users\david\.m2\repository\org\mongodb\mongodb-driver-core\4.2.3\mongodb-driver-core-4.2.3.jar
Launcher Type: SUN_STANDARD

[Global flags]
     intx CICompilerCount                          = 4                                         {product} {ergonomic}
     uint ConcGCThreads                            = 2                                         {product} {ergonomic}
     uint G1ConcRefinementThreads                  = 8                                         {product} {ergonomic}
   size_t G1HeapRegionSize                         = 1048576                                   {product} {ergonomic}
    uintx GCDrainStackTargetSize                   = 64                                        {product} {ergonomic}
   size_t InitialHeapSize                          = 65011712                                  {product} {ergonomic}
   size_t MarkStackSize                            = 4194304                                   {product} {ergonomic}
   size_t MaxHeapSize                              = 1021313024                                {product} {ergonomic}
   size_t MaxNewSize                               = 612368384                                 {product} {ergonomic}
   size_t MinHeapDeltaBytes                        = 1048576                                   {product} {ergonomic}
   size_t MinHeapSize                              = 8388608                                   {product} {ergonomic}
    uintx NonNMethodCodeHeapSize                   = 5839372                                {pd product} {ergonomic}
    uintx NonProfiledCodeHeapSize                  = 122909434                              {pd product} {ergonomic}
    uintx ProfiledCodeHeapSize                     = 122909434                              {pd product} {ergonomic}
    uintx ReservedCodeCacheSize                    = 251658240                              {pd product} {ergonomic}
     bool SegmentedCodeCache                       = true                                      {product} {ergonomic}
     bool ShowCodeDetailsInExceptionMessages       = true                                   {manageable} {command line}
   size_t SoftMaxHeapSize                          = 1021313024                             {manageable} {ergonomic}
     bool UseCompressedClassPointers               = true                           {product lp64_product} {ergonomic}
     bool UseCompressedOops                        = true                           {product lp64_product} {ergonomic}
     bool UseG1GC                                  = true                                      {product} {ergonomic}
     bool UseLargePagesIndividualAllocation        = false                                  {pd product} {ergonomic}

Logging:
Log output configuration:
 #0: stdout all=warning uptime,level,tags
 #1: stderr all=off uptime,level,tags

Environment Variables:
PATH=C:/Users/david/.p2/pool/plugins/org.eclipse.justj.openjdk.hotspot.jre.full.win32.x86_64_17.0.8.v20230831-1047/jre/bin/server;C:/Users/david/.p2/pool/plugins/org.eclipse.justj.openjdk.hotspot.jre.full.win32.x86_64_17.0.8.v20230831-1047/jre/bin;C:\Windows\system32;C:\Windows;C:\Windows\System32\Wbem;C:\Windows\System32\WindowsPowerShell\v1.0\;C:\Windows\System32\OpenSSH\;C:\Program Files (x86)\NVIDIA Corporation\PhysX\Common;C:\Program Files\NVIDIA Corporation\NVIDIA NvDLISR;C:\WINDOWS\system32;C:\WINDOWS;C:\WINDOWS\System32\Wbem;C:\WINDOWS\System32\WindowsPowerShell\v1.0\;C:\WINDOWS\System32\OpenSSH\;C:\Program Files (x86)\dotnet\;C:\Program Files\Git\cmd;C:\Users\david\AppData\Local\Microsoft\WindowsApps;C:\Users\david\AppData\Local\GitHubDesktop\bin;C:\WINDOWS\System32;
USERNAME=david
OS=Windows_NT
PROCESSOR_IDENTIFIER=Intel64 Family 6 Model 165 Stepping 2, GenuineIntel
TMP=C:\Users\david\AppData\Local\Temp
TEMP=C:\Users\david\AppData\Local\Temp



---------------  S Y S T E M  ---------------

OS:
 Windows 11 , 64 bit Build 22621 (10.0.22621.2506)
OS uptime: 6 days 5:37 hours

CPU: total 8 (initial active 8) (4 cores per cpu, 2 threads per core) family 6 model 165 stepping 2 microcode 0xf8, cx8, cmov, fxsr, ht, mmx, 3dnowpref, sse, sse2, sse3, ssse3, sse4.1, sse4.2, popcnt, lzcnt, tsc, tscinvbit, avx, avx2, aes, erms, clmul, bmi1, bmi2, adx, fma, vzeroupper, clflush, clflushopt
Processor Information for all 8 processors :
  Max Mhz: 2496, Current Mhz: 2496, Mhz Limit: 2496

Memory: 4k page, system-wide physical 3889M (313M free)
TotalPageFile size 15665M (AvailPageFile size 1M)
current process WorkingSet (physical memory assigned to process): 58M, peak: 58M
current process commit charge ("private bytes"): 149M, peak: 149M

vm_info: OpenJDK 64-Bit Server VM (17.0.8.1+1) for windows-amd64 JRE (17.0.8.1+1), built on Aug 23 2023 15:29:17 by "admin" with MS VC++ 16.7 (VS2019)

END.
